TN:
SF:src/app.ts
FN:24,(anonymous_10)
FN:29,(anonymous_11)
FN:33,(anonymous_12)
FN:38,(anonymous_13)
FN:40,(anonymous_14)
FN:46,(anonymous_15)
FN:96,(anonymous_16)
FN:117,(anonymous_17)
FN:164,(anonymous_18)
FN:184,(anonymous_19)
FN:187,(anonymous_20)
FN:198,(anonymous_21)
FN:204,(anonymous_22)
FN:204,(anonymous_23)
FN:210,(anonymous_24)
FN:212,(anonymous_25)
FN:217,(anonymous_26)
FNF:17
FNH:0
FNDA:0,(anonymous_10)
FNDA:0,(anonymous_11)
FNDA:0,(anonymous_12)
FNDA:0,(anonymous_13)
FNDA:0,(anonymous_14)
FNDA:0,(anonymous_15)
FNDA:0,(anonymous_16)
FNDA:0,(anonymous_17)
FNDA:0,(anonymous_18)
FNDA:0,(anonymous_19)
FNDA:0,(anonymous_20)
FNDA:0,(anonymous_21)
FNDA:0,(anonymous_22)
FNDA:0,(anonymous_23)
FNDA:0,(anonymous_24)
FNDA:0,(anonymous_25)
FNDA:0,(anonymous_26)
DA:1,0
DA:2,0
DA:3,0
DA:4,0
DA:5,0
DA:6,0
DA:7,0
DA:9,0
DA:10,0
DA:11,0
DA:12,0
DA:13,0
DA:14,0
DA:15,0
DA:16,0
DA:19,0
DA:20,0
DA:22,0
DA:24,0
DA:25,0
DA:26,0
DA:27,0
DA:29,0
DA:30,0
DA:33,0
DA:34,0
DA:38,0
DA:39,0
DA:40,0
DA:41,0
DA:45,0
DA:46,0
DA:47,0
DA:53,0
DA:56,0
DA:66,0
DA:69,0
DA:76,0
DA:84,0
DA:94,0
DA:98,0
DA:100,0
DA:101,0
DA:103,0
DA:104,0
DA:114,0
DA:119,0
DA:120,0
DA:125,0
DA:128,0
DA:131,0
DA:134,0
DA:137,0
DA:138,0
DA:142,0
DA:148,0
DA:154,0
DA:157,0
DA:164,0
DA:165,0
DA:173,0
DA:178,0
DA:179,0
DA:184,0
DA:185,0
DA:187,0
DA:188,0
DA:189,0
DA:190,0
DA:191,0
DA:192,0
DA:193,0
DA:197,0
DA:199,0
DA:201,0
DA:204,0
DA:205,0
DA:206,0
DA:207,0
DA:211,0
DA:213,0
DA:218,0
DA:221,0
DA:222,0
DA:226,0
DA:227,0
DA:229,0
LF:87
LH:0
BRDA:25,0,0,0
BRDA:25,0,1,0
BRDA:39,1,0,0
BRDA:39,1,1,0
BRDA:45,2,0,0
BRDA:45,2,1,0
BRDA:58,3,0,0
BRDA:58,3,1,0
BRDA:98,4,0,0
BRDA:98,4,1,0
BRDA:100,5,0,0
BRDA:100,5,1,0
BRDA:100,6,0,0
BRDA:100,6,1,0
BRDA:119,7,0,0
BRDA:119,7,1,0
BRDA:137,8,0,0
BRDA:137,8,1,0
BRF:18
BRH:0
end_of_record
TN:
SF:src/test-email.ts
FN:8,test
FNF:1
FNH:0
FNDA:0,test
DA:1,0
DA:2,0
DA:4,0
DA:6,0
DA:9,0
DA:10,0
DA:11,0
DA:13,0
DA:14,0
DA:16,0
DA:22,0
DA:23,0
DA:25,0
DA:29,0
LF:14
LH:0
BRDA:22,0,0,0
BRDA:22,0,1,0
BRF:2
BRH:0
end_of_record
TN:
SF:src/config/cloudinary.ts
FNF:0
FNH:0
DA:1,0
DA:2,0
DA:4,0
DA:10,0
LF:4
LH:0
BRF:0
BRH:0
end_of_record
TN:
SF:src/config/db.ts
FN:4,(anonymous_1)
FN:15,(anonymous_2)
FN:19,(anonymous_3)
FNF:3
FNH:0
FNDA:0,(anonymous_1)
FNDA:0,(anonymous_2)
FNDA:0,(anonymous_3)
DA:1,0
DA:2,0
DA:4,0
DA:5,0
DA:6,0
DA:7,0
DA:9,0
DA:10,0
DA:15,0
DA:16,0
DA:19,0
DA:20,0
DA:23,0
LF:13
LH:0
BRF:0
BRH:0
end_of_record
TN:
SF:src/config/env.ts
FNF:0
FNH:0
DA:1,2
DA:2,2
DA:5,2
DA:6,2
DA:7,2
DA:11,2
DA:12,2
DA:13,2
DA:48,2
DA:80,2
LF:10
LH:10
BRDA:11,0,0,2
BRDA:11,0,1,0
BRDA:49,1,0,2
BRDA:49,1,1,2
BRDA:50,2,0,2
BRDA:50,2,1,0
BRDA:51,3,0,2
BRDA:51,3,1,0
BRDA:52,4,0,2
BRDA:52,4,1,0
BRDA:53,5,0,2
BRDA:53,5,1,2
BRDA:54,6,0,2
BRDA:54,6,1,2
BRDA:55,7,0,2
BRDA:55,7,1,2
BRDA:56,8,0,2
BRDA:56,8,1,2
BRDA:57,9,0,2
BRDA:57,9,1,2
BRDA:58,10,0,2
BRDA:58,10,1,0
BRDA:59,11,0,2
BRDA:59,11,1,2
BRDA:60,12,0,2
BRDA:60,12,1,2
BRDA:61,13,0,2
BRDA:61,13,1,2
BRDA:62,14,0,2
BRDA:62,14,1,0
BRDA:63,15,0,2
BRDA:63,15,1,2
BRDA:64,16,0,2
BRDA:64,16,1,2
BRDA:65,17,0,2
BRDA:65,17,1,2
BRDA:66,18,0,2
BRDA:66,18,1,2
BRDA:67,19,0,2
BRDA:67,19,1,2
BRDA:68,20,0,2
BRDA:68,20,1,2
BRDA:69,21,0,2
BRDA:69,21,1,2
BRDA:70,22,0,2
BRDA:70,22,1,2
BRDA:71,23,0,2
BRDA:71,23,1,2
BRDA:72,24,0,2
BRDA:72,24,1,2
BRDA:73,25,0,2
BRDA:73,25,1,2
BRDA:74,26,0,2
BRDA:74,26,1,2
BRDA:75,27,0,2
BRDA:75,27,1,2
BRDA:76,28,0,2
BRDA:76,28,1,2
BRDA:77,29,0,2
BRDA:77,29,1,2
BRF:60
BRH:54
end_of_record
TN:
SF:src/config/firebase.ts
FN:4,(anonymous_10)
FNF:1
FNH:0
FNDA:0,(anonymous_10)
DA:1,0
DA:2,0
DA:4,0
DA:5,0
DA:7,0
DA:8,0
DA:9,0
DA:12,0
DA:21,0
DA:23,0
LF:10
LH:0
BRDA:5,0,0,0
BRDA:5,0,1,0
BRDA:7,1,0,0
BRDA:7,1,1,0
BRDA:7,2,0,0
BRDA:7,2,1,0
BRDA:7,2,2,0
BRF:7
BRH:0
end_of_record
TN:
SF:src/controllers/admin.controller.ts
FN:4,(anonymous_1)
FN:17,(anonymous_2)
FN:41,(anonymous_3)
FN:63,(anonymous_4)
FN:84,(anonymous_5)
FN:108,(anonymous_6)
FN:131,(anonymous_7)
FN:154,(anonymous_8)
FN:173,(anonymous_9)
FN:187,(anonymous_10)
FN:201,(anonymous_11)
FN:214,(anonymous_12)
FNF:12
FNH:0
FNDA:0,(anonymous_1)
FNDA:0,(anonymous_2)
FNDA:0,(anonymous_3)
FNDA:0,(anonymous_4)
FNDA:0,(anonymous_5)
FNDA:0,(anonymous_6)
FNDA:0,(anonymous_7)
FNDA:0,(anonymous_8)
FNDA:0,(anonymous_9)
FNDA:0,(anonymous_10)
FNDA:0,(anonymous_11)
FNDA:0,(anonymous_12)
DA:2,0
DA:4,0
DA:9,0
DA:10,0
DA:11,0
DA:13,0
DA:17,0
DA:22,0
DA:23,0
DA:31,0
DA:37,0
DA:41,0
DA:46,0
DA:47,0
DA:53,0
DA:59,0
DA:63,0
DA:68,0
DA:69,0
DA:74,0
DA:80,0
DA:84,0
DA:89,0
DA:90,0
DA:98,0
DA:104,0
DA:108,0
DA:113,0
DA:114,0
DA:121,0
DA:127,0
DA:131,0
DA:136,0
DA:137,0
DA:144,0
DA:150,0
DA:154,0
DA:159,0
DA:160,0
DA:164,0
DA:169,0
DA:173,0
DA:178,0
DA:179,0
DA:180,0
DA:181,0
DA:183,0
DA:187,0
DA:192,0
DA:193,0
DA:194,0
DA:195,0
DA:197,0
DA:201,0
DA:206,0
DA:207,0
DA:208,0
DA:210,0
DA:214,0
DA:219,0
DA:220,0
DA:221,0
DA:223,0
LF:63
LH:0
BRDA:24,0,0,0
BRDA:24,0,1,0
BRDA:25,1,0,0
BRDA:25,1,1,0
BRDA:55,2,0,0
BRDA:55,2,1,0
BRDA:76,3,0,0
BRDA:76,3,1,0
BRDA:91,4,0,0
BRDA:91,4,1,0
BRDA:92,5,0,0
BRDA:92,5,1,0
BRDA:138,6,0,0
BRDA:138,6,1,0
BRDA:139,7,0,0
BRDA:139,7,1,0
BRDA:161,8,0,0
BRDA:161,8,1,0
BRDA:179,9,0,0
BRDA:179,9,1,0
BRDA:193,10,0,0
BRDA:193,10,1,0
BRF:22
BRH:0
end_of_record
TN:
SF:src/controllers/auth.controller.ts
FN:18,(anonymous_1)
FN:39,(anonymous_2)
FN:58,(anonymous_3)
FN:71,(anonymous_4)
FN:96,(anonymous_5)
FN:109,(anonymous_6)
FN:132,(anonymous_7)
FN:160,(anonymous_8)
FN:201,(anonymous_9)
FN:238,(anonymous_10)
FN:305,(anonymous_11)
FN:333,(anonymous_12)
FN:354,(anonymous_13)
FN:385,(anonymous_14)
FN:416,(anonymous_15)
FN:455,(anonymous_16)
FN:485,(anonymous_17)
FN:491,(anonymous_18)
FN:506,(anonymous_19)
FNF:19
FNH:0
FNDA:0,(anonymous_1)
FNDA:0,(anonymous_2)
FNDA:0,(anonymous_3)
FNDA:0,(anonymous_4)
FNDA:0,(anonymous_5)
FNDA:0,(anonymous_6)
FNDA:0,(anonymous_7)
FNDA:0,(anonymous_8)
FNDA:0,(anonymous_9)
FNDA:0,(anonymous_10)
FNDA:0,(anonymous_11)
FNDA:0,(anonymous_12)
FNDA:0,(anonymous_13)
FNDA:0,(anonymous_14)
FNDA:0,(anonymous_15)
FNDA:0,(anonymous_16)
FNDA:0,(anonymous_17)
FNDA:0,(anonymous_18)
FNDA:0,(anonymous_19)
DA:2,0
DA:3,0
DA:4,0
DA:5,0
DA:6,0
DA:7,0
DA:8,0
DA:9,0
DA:10,0
DA:11,0
DA:18,0
DA:23,0
DA:24,0
DA:26,0
DA:39,0
DA:40,0
DA:44,0
DA:51,0
DA:58,0
DA:59,0
DA:62,0
DA:71,0
DA:76,0
DA:77,0
DA:79,0
DA:82,0
DA:89,0
DA:96,0
DA:97,0
DA:100,0
DA:109,0
DA:114,0
DA:115,0
DA:117,0
DA:123,0
DA:132,0
DA:137,0
DA:138,0
DA:140,0
DA:146,0
DA:160,0
DA:165,0
DA:166,0
DA:167,0
DA:168,0
DA:173,0
DA:176,0
DA:179,0
DA:186,0
DA:192,0
DA:201,0
DA:206,0
DA:207,0
DA:209,0
DA:223,0
DA:229,0
DA:238,0
DA:243,0
DA:244,0
DA:245,0
DA:246,0
DA:249,0
DA:250,0
DA:251,0
DA:252,0
DA:255,0
DA:256,0
DA:257,0
DA:258,0
DA:260,0
DA:261,0
DA:262,0
DA:265,0
DA:266,0
DA:267,0
DA:268,0
DA:269,0
DA:270,0
DA:273,0
DA:274,0
DA:275,0
DA:276,0
DA:277,0
DA:278,0
DA:279,0
DA:280,0
DA:281,0
DA:286,0
DA:290,0
DA:296,0
DA:305,0
DA:310,0
DA:311,0
DA:313,0
DA:319,0
DA:324,0
DA:333,0
DA:338,0
DA:343,0
DA:354,0
DA:359,0
DA:360,0
DA:361,0
DA:374,0
DA:376,0
DA:385,0
DA:390,0
DA:391,0
DA:392,0
DA:405,0
DA:407,0
DA:416,0
DA:421,0
DA:422,0
DA:423,0
DA:424,0
DA:425,0
DA:429,0
DA:430,0
DA:431,0
DA:432,0
DA:435,0
DA:436,0
DA:437,0
DA:438,0
DA:441,0
DA:443,0
DA:444,0
DA:446,0
DA:455,0
DA:460,0
DA:461,0
DA:462,0
DA:463,0
DA:464,0
DA:466,0
DA:467,0
DA:468,0
DA:471,0
DA:478,0
DA:485,0
DA:486,0
DA:490,0
DA:491,0
DA:492,0
DA:496,0
DA:497,0
DA:506,0
DA:511,0
DA:512,0
DA:513,0
DA:514,0
DA:527,0
DA:529,0
DA:530,0
DA:531,0
DA:532,0
DA:535,0
DA:548,0
DA:556,0
DA:557,0
DA:558,0
DA:568,0
DA:569,0
DA:572,0
DA:574,0
LF:166
LH:0
BRDA:30,0,0,0
BRDA:30,0,1,0
BRDA:166,1,0,0
BRDA:166,1,1,0
BRDA:167,2,0,0
BRDA:167,2,1,0
BRDA:167,3,0,0
BRDA:167,3,1,0
BRDA:244,4,0,0
BRDA:244,4,1,0
BRDA:250,5,0,0
BRDA:250,5,1,0
BRDA:261,6,0,0
BRDA:261,6,1,0
BRDA:265,7,0,0
BRDA:265,7,1,0
BRDA:266,8,0,0
BRDA:266,8,1,0
BRDA:266,9,0,0
BRDA:266,9,1,0
BRDA:266,10,0,0
BRDA:266,10,1,0
BRDA:273,11,0,0
BRDA:273,11,1,0
BRDA:274,12,0,0
BRDA:274,12,1,0
BRDA:277,13,0,0
BRDA:277,13,1,0
BRDA:280,14,0,0
BRDA:280,14,1,0
BRDA:400,15,0,0
BRDA:400,15,1,0
BRDA:423,16,0,0
BRDA:423,16,1,0
BRDA:430,17,0,0
BRDA:430,17,1,0
BRDA:436,18,0,0
BRDA:436,18,1,0
BRDA:462,19,0,0
BRDA:462,19,1,0
BRDA:485,20,0,0
BRDA:485,20,1,0
BRDA:490,21,0,0
BRDA:490,21,1,0
BRDA:512,22,0,0
BRDA:512,22,1,0
BRDA:512,23,0,0
BRDA:512,23,1,0
BRDA:512,23,2,0
BRDA:512,23,3,0
BRDA:530,24,0,0
BRDA:530,24,1,0
BRDA:536,25,0,0
BRDA:536,25,1,0
BRDA:536,25,2,0
BRDA:541,26,0,0
BRDA:541,26,1,0
BRDA:542,27,0,0
BRDA:542,27,1,0
BRDA:542,27,2,0
BRDA:545,28,0,0
BRDA:545,28,1,0
BRDA:552,29,0,0
BRDA:552,29,1,0
BRDA:556,30,0,0
BRDA:556,30,1,0
BRDA:559,31,0,0
BRDA:559,31,1,0
BRDA:568,32,0,0
BRDA:568,32,1,0
BRDA:568,33,0,0
BRDA:568,33,1,0
BRF:72
BRH:0
end_of_record
TN:
SF:src/controllers/autoPayout.controller.ts
FN:4,(anonymous_1)
FN:21,(anonymous_2)
FNF:2
FNH:0
FNDA:0,(anonymous_1)
FNDA:0,(anonymous_2)
DA:2,0
DA:4,0
DA:9,0
DA:10,0
DA:11,0
DA:17,0
DA:21,0
DA:26,0
DA:27,0
DA:28,0
DA:34,0
LF:11
LH:0
BRF:0
BRH:0
end_of_record
TN:
SF:src/controllers/category.controller.ts
FN:11,(anonymous_1)
FN:34,(anonymous_2)
FN:49,(anonymous_3)
FN:51,(anonymous_4)
FN:71,(anonymous_5)
FN:101,(anonymous_6)
FN:131,(anonymous_7)
FN:162,(anonymous_8)
FNF:8
FNH:0
FNDA:0,(anonymous_1)
FNDA:0,(anonymous_2)
FNDA:0,(anonymous_3)
FNDA:0,(anonymous_4)
FNDA:0,(anonymous_5)
FNDA:0,(anonymous_6)
FNDA:0,(anonymous_7)
FNDA:0,(anonymous_8)
DA:2,0
DA:3,0
DA:4,0
DA:11,0
DA:16,0
DA:17,0
DA:19,0
DA:25,0
DA:34,0
DA:39,0
DA:40,0
DA:43,0
DA:48,0
DA:49,0
DA:51,0
DA:56,0
DA:62,0
DA:71,0
DA:76,0
DA:77,0
DA:82,0
DA:83,0
DA:86,0
DA:92,0
DA:101,0
DA:106,0
DA:107,0
DA:109,0
DA:116,0
DA:122,0
DA:131,0
DA:136,0
DA:137,0
DA:143,0
DA:144,0
DA:147,0
DA:153,0
DA:162,0
DA:167,0
DA:168,0
DA:174,0
DA:175,0
DA:178,0
DA:183,0
LF:44
LH:0
BRDA:53,0,0,0
BRDA:53,0,1,0
BRDA:82,1,0,0
BRDA:82,1,1,0
BRDA:111,2,0,0
BRDA:111,2,1,0
BRDA:143,3,0,0
BRDA:143,3,1,0
BRDA:174,4,0,0
BRDA:174,4,1,0
BRF:10
BRH:0
end_of_record
TN:
SF:src/controllers/chat.controller.ts
FN:9,(anonymous_10)
FN:36,(anonymous_11)
FN:60,(anonymous_12)
FN:94,(anonymous_13)
FN:125,(anonymous_14)
FN:151,(anonymous_15)
FN:175,(anonymous_16)
FN:200,(anonymous_17)
FN:221,(anonymous_18)
FN:222,(anonymous_19)
FN:228,(anonymous_20)
FNF:11
FNH:0
FNDA:0,(anonymous_10)
FNDA:0,(anonymous_11)
FNDA:0,(anonymous_12)
FNDA:0,(anonymous_13)
FNDA:0,(anonymous_14)
FNDA:0,(anonymous_15)
FNDA:0,(anonymous_16)
FNDA:0,(anonymous_17)
FNDA:0,(anonymous_18)
FNDA:0,(anonymous_19)
FNDA:0,(anonymous_20)
DA:2,0
DA:9,0
DA:14,0
DA:15,0
DA:16,0
DA:22,0
DA:27,0
DA:36,0
DA:41,0
DA:42,0
DA:46,0
DA:51,0
DA:60,0
DA:65,0
DA:66,0
DA:67,0
DA:68,0
DA:70,0
DA:77,0
DA:85,0
DA:94,0
DA:99,0
DA:100,0
DA:101,0
DA:103,0
DA:111,0
DA:116,0
DA:125,0
DA:130,0
DA:131,0
DA:132,0
DA:137,0
DA:142,0
DA:151,0
DA:156,0
DA:157,0
DA:161,0
DA:166,0
DA:175,0
DA:180,0
DA:181,0
DA:182,0
DA:187,0
DA:192,0
DA:200,0
DA:205,0
DA:206,0
DA:207,0
DA:212,0
DA:213,0
DA:214,0
DA:216,0
DA:217,0
DA:218,0
DA:221,0
DA:222,0
DA:224,0
DA:225,0
DA:227,0
DA:228,0
DA:229,0
DA:231,0
DA:232,0
DA:233,0
DA:235,0
DA:236,0
DA:239,0
DA:240,0
DA:242,0
DA:243,0
DA:246,0
DA:247,0
DA:250,0
DA:251,0
DA:252,0
DA:261,0
DA:267,0
LF:77
LH:0
BRDA:67,0,0,0
BRDA:67,0,1,0
BRDA:68,1,0,0
BRDA:68,1,1,0
BRDA:212,2,0,0
BRDA:212,2,1,0
BRDA:216,3,0,0
BRDA:216,3,1,0
BRDA:216,4,0,0
BRDA:216,4,1,0
BRDA:216,4,2,0
BRDA:225,5,0,0
BRDA:225,5,1,0
BRDA:229,6,0,0
BRDA:229,6,1,0
BRDA:232,7,0,0
BRDA:232,7,1,0
BRDA:232,8,0,0
BRDA:232,8,1,0
BRDA:235,9,0,0
BRDA:235,9,1,0
BRDA:239,10,0,0
BRDA:239,10,1,0
BRDA:242,11,0,0
BRDA:242,11,1,0
BRDA:251,12,0,0
BRDA:251,12,1,0
BRDA:251,13,0,0
BRDA:251,13,1,0
BRF:29
BRH:0
end_of_record
TN:
SF:src/controllers/dispute.controller.ts
FN:10,(anonymous_1)
FN:71,(anonymous_2)
FN:97,(anonymous_3)
FN:136,(anonymous_4)
FN:170,(anonymous_5)
FNF:5
FNH:0
FNDA:0,(anonymous_1)
FNDA:0,(anonymous_2)
FNDA:0,(anonymous_3)
FNDA:0,(anonymous_4)
FNDA:0,(anonymous_5)
DA:2,0
DA:3,0
DA:10,0
DA:15,0
DA:16,0
DA:17,0
DA:19,0
DA:20,0
DA:21,0
DA:22,0
DA:26,0
DA:27,0
DA:28,0
DA:29,0
DA:30,0
DA:34,0
DA:35,0
DA:36,0
DA:37,0
DA:41,0
DA:42,0
DA:43,0
DA:44,0
DA:47,0
DA:48,0
DA:58,0
DA:60,0
DA:62,0
DA:71,0
DA:76,0
DA:77,0
DA:78,0
DA:86,0
DA:88,0
DA:97,0
DA:102,0
DA:103,0
DA:104,0
DA:106,0
DA:111,0
DA:112,0
DA:113,0
DA:117,0
DA:120,0
DA:121,0
DA:122,0
DA:125,0
DA:127,0
DA:136,0
DA:141,0
DA:142,0
DA:144,0
DA:154,0
DA:155,0
DA:156,0
DA:159,0
DA:161,0
DA:170,0
DA:175,0
DA:176,0
DA:177,0
DA:178,0
DA:180,0
DA:191,0
DA:197,0
LF:65
LH:0
BRDA:20,0,0,0
BRDA:20,0,1,0
BRDA:28,1,0,0
BRDA:28,1,1,0
BRDA:28,2,0,0
BRDA:28,2,1,0
BRDA:35,3,0,0
BRDA:35,3,1,0
BRDA:42,4,0,0
BRDA:42,4,1,0
BRDA:47,5,0,0
BRDA:47,5,1,0
BRDA:54,6,0,0
BRDA:54,6,1,0
BRDA:111,7,0,0
BRDA:111,7,1,0
BRDA:117,8,0,0
BRDA:117,8,1,0
BRDA:120,9,0,0
BRDA:120,9,1,0
BRDA:120,10,0,0
BRDA:120,10,1,0
BRDA:149,11,0,0
BRDA:149,11,1,0
BRDA:154,12,0,0
BRDA:154,12,1,0
BRDA:176,13,0,0
BRDA:176,14,0,0
BRDA:178,15,0,0
BRDA:178,15,1,0
BRF:30
BRH:0
end_of_record
TN:
SF:src/controllers/feed.controller.ts
FN:9,(anonymous_1)
FNF:1
FNH:0
FNDA:0,(anonymous_1)
DA:2,0
DA:9,0
DA:14,0
DA:15,0
DA:16,0
DA:18,0
DA:20,0
DA:25,0
LF:8
LH:0
BRF:0
BRH:0
end_of_record
TN:
SF:src/controllers/growth.controller.ts
FN:4,(anonymous_1)
FN:13,(anonymous_2)
FN:22,(anonymous_3)
FN:31,(anonymous_4)
FN:40,(anonymous_5)
FN:49,(anonymous_6)
FN:58,(anonymous_7)
FN:67,(anonymous_8)
FNF:8
FNH:0
FNDA:0,(anonymous_1)
FNDA:0,(anonymous_2)
FNDA:0,(anonymous_3)
FNDA:0,(anonymous_4)
FNDA:0,(anonymous_5)
FNDA:0,(anonymous_6)
FNDA:0,(anonymous_7)
FNDA:0,(anonymous_8)
DA:2,0
DA:4,0
DA:5,0
DA:6,0
DA:7,0
DA:9,0
DA:13,0
DA:14,0
DA:15,0
DA:16,0
DA:18,0
DA:22,0
DA:23,0
DA:24,0
DA:25,0
DA:27,0
DA:31,0
DA:32,0
DA:33,0
DA:34,0
DA:36,0
DA:40,0
DA:41,0
DA:42,0
DA:43,0
DA:45,0
DA:49,0
DA:50,0
DA:51,0
DA:52,0
DA:54,0
DA:58,0
DA:59,0
DA:60,0
DA:61,0
DA:63,0
DA:67,0
DA:68,0
DA:69,0
DA:70,0
DA:71,0
DA:73,0
LF:42
LH:0
BRF:0
BRH:0
end_of_record
TN:
SF:src/controllers/notification.controller.ts
FN:10,(anonymous_1)
FN:66,(anonymous_2)
FN:102,(anonymous_3)
FN:120,(anonymous_4)
FN:149,(anonymous_5)
FN:171,(anonymous_6)
FN:197,(anonymous_7)
FN:220,(anonymous_8)
FNF:8
FNH:0
FNDA:0,(anonymous_1)
FNDA:0,(anonymous_2)
FNDA:0,(anonymous_3)
FNDA:0,(anonymous_4)
FNDA:0,(anonymous_5)
FNDA:0,(anonymous_6)
FNDA:0,(anonymous_7)
FNDA:0,(anonymous_8)
DA:2,0
DA:3,0
DA:10,0
DA:15,0
DA:16,0
DA:18,0
DA:19,0
DA:21,0
DA:22,0
DA:23,0
DA:26,0
DA:27,0
DA:30,0
DA:41,0
DA:44,0
DA:55,0
DA:57,0
DA:66,0
DA:71,0
DA:72,0
DA:74,0
DA:75,0
DA:76,0
DA:79,0
DA:80,0
DA:83,0
DA:84,0
DA:87,0
DA:91,0
DA:93,0
DA:102,0
DA:107,0
DA:108,0
DA:109,0
DA:111,0
DA:120,0
DA:125,0
DA:126,0
DA:127,0
DA:133,0
DA:140,0
DA:149,0
DA:154,0
DA:155,0
DA:157,0
DA:162,0
DA:171,0
DA:176,0
DA:177,0
DA:182,0
DA:188,0
DA:197,0
DA:202,0
DA:203,0
DA:205,0
DA:211,0
DA:220,0
DA:225,0
DA:226,0
DA:231,0
DA:236,0
LF:61
LH:0
BRDA:16,0,0,0
BRDA:16,0,1,0
BRDA:21,1,0,0
BRDA:21,1,1,0
BRDA:21,2,0,0
BRDA:21,2,1,0
BRDA:21,2,2,0
BRDA:26,3,0,0
BRDA:26,3,1,0
BRDA:74,4,0,0
BRDA:74,4,1,0
BRDA:74,5,0,0
BRDA:74,5,1,0
BRDA:79,6,0,0
BRDA:79,6,1,0
BRDA:129,7,0,0
BRDA:129,7,1,0
BRDA:130,8,0,0
BRDA:130,8,1,0
BRF:19
BRH:0
end_of_record
TN:
SF:src/controllers/offer.controller.ts
FN:5,(anonymous_1)
FN:32,(anonymous_2)
FNF:2
FNH:0
FNDA:0,(anonymous_1)
FNDA:0,(anonymous_2)
DA:2,0
DA:3,0
DA:5,0
DA:10,0
DA:11,0
DA:12,0
DA:13,0
DA:16,0
DA:22,0
DA:28,0
DA:32,0
DA:37,0
DA:38,0
DA:39,0
DA:41,0
DA:42,0
DA:45,0
DA:51,0
DA:57,0
LF:19
LH:0
BRDA:12,0,0,0
BRDA:12,0,1,0
BRDA:12,1,0,0
BRDA:12,1,1,0
BRDA:41,2,0,0
BRDA:41,2,1,0
BRDA:41,3,0,0
BRDA:41,3,1,0
BRF:8
BRH:0
end_of_record
TN:
SF:src/controllers/order.controller.ts
FN:11,(anonymous_1)
FN:53,(anonymous_2)
FN:80,(anonymous_3)
FN:109,(anonymous_4)
FN:138,(anonymous_5)
FN:167,(anonymous_6)
FN:194,(anonymous_7)
FN:211,(anonymous_8)
FN:226,(anonymous_9)
FN:239,(anonymous_10)
FN:252,(anonymous_11)
FN:273,(anonymous_12)
FN:287,(anonymous_13)
FN:300,(anonymous_14)
FN:313,(anonymous_15)
FN:331,(anonymous_16)
FNF:16
FNH:0
FNDA:0,(anonymous_1)
FNDA:0,(anonymous_2)
FNDA:0,(anonymous_3)
FNDA:0,(anonymous_4)
FNDA:0,(anonymous_5)
FNDA:0,(anonymous_6)
FNDA:0,(anonymous_7)
FNDA:0,(anonymous_8)
FNDA:0,(anonymous_9)
FNDA:0,(anonymous_10)
FNDA:0,(anonymous_11)
FNDA:0,(anonymous_12)
FNDA:0,(anonymous_13)
FNDA:0,(anonymous_14)
FNDA:0,(anonymous_15)
FNDA:0,(anonymous_16)
DA:2,0
DA:3,0
DA:4,0
DA:11,0
DA:16,0
DA:17,0
DA:29,0
DA:31,0
DA:37,0
DA:38,0
DA:44,0
DA:53,0
DA:58,0
DA:59,0
DA:60,0
DA:66,0
DA:71,0
DA:80,0
DA:85,0
DA:86,0
DA:87,0
DA:94,0
DA:100,0
DA:109,0
DA:114,0
DA:115,0
DA:116,0
DA:123,0
DA:129,0
DA:138,0
DA:143,0
DA:144,0
DA:145,0
DA:152,0
DA:158,0
DA:167,0
DA:172,0
DA:173,0
DA:179,0
DA:185,0
DA:194,0
DA:199,0
DA:200,0
DA:202,0
DA:207,0
DA:211,0
DA:216,0
DA:217,0
DA:220,0
DA:222,0
DA:226,0
DA:231,0
DA:232,0
DA:233,0
DA:235,0
DA:239,0
DA:244,0
DA:245,0
DA:246,0
DA:248,0
DA:252,0
DA:257,0
DA:258,0
DA:259,0
DA:260,0
DA:262,0
DA:267,0
DA:269,0
DA:273,0
DA:278,0
DA:279,0
DA:280,0
DA:281,0
DA:283,0
DA:287,0
DA:292,0
DA:293,0
DA:294,0
DA:296,0
DA:300,0
DA:305,0
DA:306,0
DA:307,0
DA:309,0
DA:313,0
DA:318,0
DA:319,0
DA:320,0
DA:322,0
DA:331,0
DA:336,0
DA:337,0
DA:338,0
DA:340,0
DA:341,0
DA:344,0
DA:350,0
DA:356,0
LF:98
LH:0
BRDA:20,0,0,0
BRDA:20,0,1,0
BRDA:20,1,0,0
BRDA:20,1,1,0
BRDA:33,2,0,0
BRDA:33,2,1,0
BRDA:90,3,0,0
BRDA:90,3,1,0
BRDA:91,4,0,0
BRDA:91,4,1,0
BRDA:119,5,0,0
BRDA:119,5,1,0
BRDA:120,6,0,0
BRDA:120,6,1,0
BRDA:218,7,0,0
BRDA:218,7,1,0
BRDA:259,8,0,0
BRDA:259,8,1,0
BRDA:259,9,0,0
BRDA:259,9,1,0
BRDA:259,9,2,0
BRDA:340,10,0,0
BRDA:340,10,1,0
BRDA:340,11,0,0
BRDA:340,11,1,0
BRF:25
BRH:0
end_of_record
TN:
SF:src/controllers/payment.controller.ts
FN:11,(anonymous_1)
FN:48,(anonymous_2)
FN:81,(anonymous_3)
FN:125,(anonymous_4)
FNF:4
FNH:0
FNDA:0,(anonymous_1)
FNDA:0,(anonymous_2)
FNDA:0,(anonymous_3)
FNDA:0,(anonymous_4)
DA:2,0
DA:3,0
DA:4,0
DA:11,0
DA:16,0
DA:17,0
DA:19,0
DA:20,0
DA:23,0
DA:30,0
DA:39,0
DA:48,0
DA:53,0
DA:54,0
DA:56,0
DA:57,0
DA:60,0
DA:62,0
DA:72,0
DA:81,0
DA:86,0
DA:87,0
DA:89,0
DA:90,0
DA:91,0
DA:95,0
DA:96,0
DA:97,0
DA:98,0
DA:101,0
DA:102,0
DA:103,0
DA:104,0
DA:107,0
DA:109,0
DA:112,0
DA:115,0
DA:116,0
DA:125,0
DA:130,0
DA:131,0
DA:135,0
DA:140,0
LF:43
LH:0
BRDA:19,0,0,0
BRDA:19,0,1,0
BRDA:19,1,0,0
BRDA:19,1,1,0
BRDA:19,1,2,0
BRDA:56,2,0,0
BRDA:56,2,1,0
BRDA:64,3,0,0
BRDA:64,3,1,0
BRDA:89,4,0,0
BRDA:89,4,1,0
BRDA:96,5,0,0
BRDA:96,5,1,0
BRDA:102,6,0,0
BRDA:102,6,1,0
BRF:15
BRH:0
end_of_record
TN:
SF:src/controllers/payout.controller.ts
FN:4,(anonymous_1)
FN:31,(anonymous_2)
FN:44,(anonymous_3)
FN:64,(anonymous_4)
FN:81,(anonymous_5)
FNF:5
FNH:0
FNDA:0,(anonymous_1)
FNDA:0,(anonymous_2)
FNDA:0,(anonymous_3)
FNDA:0,(anonymous_4)
FNDA:0,(anonymous_5)
DA:2,0
DA:4,0
DA:9,0
DA:10,0
DA:17,0
DA:27,0
DA:31,0
DA:36,0
DA:37,0
DA:38,0
DA:40,0
DA:44,0
DA:49,0
DA:50,0
DA:54,0
DA:60,0
DA:64,0
DA:69,0
DA:70,0
DA:71,0
DA:77,0
DA:81,0
DA:86,0
DA:87,0
DA:94,0
DA:104,0
LF:26
LH:0
BRDA:11,0,0,0
BRDA:11,0,1,0
BRDA:12,1,0,0
BRDA:12,1,1,0
BRDA:90,2,0,0
BRDA:90,2,1,0
BRDA:91,3,0,0
BRDA:91,3,1,0
BRF:8
BRH:0
end_of_record
TN:
SF:src/controllers/product.controller.ts
FN:15,(anonymous_10)
FN:35,(anonymous_11)
FN:77,(anonymous_12)
FN:88,(anonymous_13)
FN:131,(anonymous_14)
FN:155,(anonymous_15)
FN:179,(anonymous_16)
FN:211,(anonymous_17)
FN:239,(anonymous_18)
FN:263,(anonymous_19)
FN:274,(anonymous_20)
FN:316,(anonymous_21)
FN:350,(anonymous_22)
FN:376,(anonymous_23)
FN:404,(anonymous_24)
FN:429,(anonymous_25)
FN:453,(anonymous_26)
FN:476,(anonymous_27)
FN:513,(anonymous_28)
FN:514,(anonymous_29)
FN:516,(anonymous_30)
FN:526,(anonymous_31)
FN:527,(anonymous_32)
FN:535,(anonymous_33)
FN:545,(anonymous_34)
FN:552,(anonymous_35)
FN:564,(anonymous_36)
FN:569,(anonymous_37)
FN:574,(anonymous_38)
FN:576,(anonymous_39)
FN:579,(anonymous_40)
FN:591,(anonymous_41)
FN:609,(anonymous_42)
FN:616,(anonymous_43)
FN:633,(anonymous_44)
FN:637,(anonymous_45)
FN:698,(anonymous_46)
FN:759,(anonymous_47)
FN:786,(anonymous_48)
FN:802,(anonymous_49)
FN:827,(anonymous_50)
FN:848,(anonymous_51)
FN:849,(anonymous_52)
FN:851,(anonymous_53)
FN:859,(anonymous_54)
FN:866,(anonymous_55)
FN:873,(anonymous_56)
FN:874,(anonymous_57)
FN:876,(anonymous_58)
FN:880,(anonymous_59)
FN:923,(anonymous_60)
FN:943,(anonymous_61)
FN:987,(anonymous_62)
FN:1008,(anonymous_63)
FN:1026,(anonymous_64)
FN:1045,(anonymous_65)
FN:1064,(anonymous_66)
FN:1083,(anonymous_67)
FN:1102,(anonymous_68)
FN:1121,(anonymous_69)
FNF:60
FNH:0
FNDA:0,(anonymous_10)
FNDA:0,(anonymous_11)
FNDA:0,(anonymous_12)
FNDA:0,(anonymous_13)
FNDA:0,(anonymous_14)
FNDA:0,(anonymous_15)
FNDA:0,(anonymous_16)
FNDA:0,(anonymous_17)
FNDA:0,(anonymous_18)
FNDA:0,(anonymous_19)
FNDA:0,(anonymous_20)
FNDA:0,(anonymous_21)
FNDA:0,(anonymous_22)
FNDA:0,(anonymous_23)
FNDA:0,(anonymous_24)
FNDA:0,(anonymous_25)
FNDA:0,(anonymous_26)
FNDA:0,(anonymous_27)
FNDA:0,(anonymous_28)
FNDA:0,(anonymous_29)
FNDA:0,(anonymous_30)
FNDA:0,(anonymous_31)
FNDA:0,(anonymous_32)
FNDA:0,(anonymous_33)
FNDA:0,(anonymous_34)
FNDA:0,(anonymous_35)
FNDA:0,(anonymous_36)
FNDA:0,(anonymous_37)
FNDA:0,(anonymous_38)
FNDA:0,(anonymous_39)
FNDA:0,(anonymous_40)
FNDA:0,(anonymous_41)
FNDA:0,(anonymous_42)
FNDA:0,(anonymous_43)
FNDA:0,(anonymous_44)
FNDA:0,(anonymous_45)
FNDA:0,(anonymous_46)
FNDA:0,(anonymous_47)
FNDA:0,(anonymous_48)
FNDA:0,(anonymous_49)
FNDA:0,(anonymous_50)
FNDA:0,(anonymous_51)
FNDA:0,(anonymous_52)
FNDA:0,(anonymous_53)
FNDA:0,(anonymous_54)
FNDA:0,(anonymous_55)
FNDA:0,(anonymous_56)
FNDA:0,(anonymous_57)
FNDA:0,(anonymous_58)
FNDA:0,(anonymous_59)
FNDA:0,(anonymous_60)
FNDA:0,(anonymous_61)
FNDA:0,(anonymous_62)
FNDA:0,(anonymous_63)
FNDA:0,(anonymous_64)
FNDA:0,(anonymous_65)
FNDA:0,(anonymous_66)
FNDA:0,(anonymous_67)
FNDA:0,(anonymous_68)
FNDA:0,(anonymous_69)
DA:2,0
DA:3,0
DA:4,0
DA:5,0
DA:6,0
DA:7,0
DA:8,0
DA:15,0
DA:20,0
DA:22,0
DA:23,0
DA:27,0
DA:30,0
DA:33,0
DA:34,0
DA:35,0
DA:38,0
DA:61,0
DA:68,0
DA:77,0
DA:79,0
DA:88,0
DA:93,0
DA:94,0
DA:109,0
DA:116,0
DA:122,0
DA:131,0
DA:136,0
DA:137,0
DA:138,0
DA:140,0
DA:146,0
DA:155,0
DA:160,0
DA:161,0
DA:162,0
DA:164,0
DA:170,0
DA:179,0
DA:184,0
DA:185,0
DA:195,0
DA:202,0
DA:211,0
DA:216,0
DA:217,0
DA:219,0
DA:225,0
DA:230,0
DA:239,0
DA:244,0
DA:245,0
DA:246,0
DA:248,0
DA:254,0
DA:263,0
DA:268,0
DA:269,0
DA:272,0
DA:273,0
DA:274,0
DA:277,0
DA:301,0
DA:307,0
DA:316,0
DA:321,0
DA:322,0
DA:324,0
DA:325,0
DA:328,0
DA:335,0
DA:341,0
DA:350,0
DA:355,0
DA:356,0
DA:362,0
DA:367,0
DA:376,0
DA:381,0
DA:382,0
DA:384,0
DA:385,0
DA:388,0
DA:390,0
DA:395,0
DA:404,0
DA:409,0
DA:410,0
DA:411,0
DA:412,0
DA:414,0
DA:420,0
DA:429,0
DA:434,0
DA:435,0
DA:436,0
DA:438,0
DA:444,0
DA:453,0
DA:458,0
DA:459,0
DA:461,0
DA:467,0
DA:476,0
DA:481,0
DA:482,0
DA:483,0
DA:486,0
DA:488,0
DA:492,0
DA:500,0
DA:501,0
DA:504,0
DA:505,0
DA:508,0
DA:509,0
DA:510,0
DA:511,0
DA:513,0
DA:514,0
DA:515,0
DA:516,0
DA:517,0
DA:518,0
DA:519,0
DA:520,0
DA:523,0
DA:526,0
DA:527,0
DA:528,0
DA:529,0
DA:530,0
DA:531,0
DA:532,0
DA:533,0
DA:535,0
DA:536,0
DA:537,0
DA:538,0
DA:539,0
DA:540,0
DA:541,0
DA:542,0
DA:545,0
DA:546,0
DA:547,0
DA:548,0
DA:552,0
DA:554,0
DA:555,0
DA:556,0
DA:557,0
DA:558,0
DA:560,0
DA:564,0
DA:569,0
DA:570,0
DA:574,0
DA:576,0
DA:577,0
DA:578,0
DA:579,0
DA:586,0
DA:588,0
DA:589,0
DA:591,0
DA:592,0
DA:593,0
DA:594,0
DA:595,0
DA:596,0
DA:598,0
DA:602,0
DA:603,0
DA:606,0
DA:607,0
DA:608,0
DA:609,0
DA:610,0
DA:611,0
DA:612,0
DA:613,0
DA:614,0
DA:616,0
DA:617,0
DA:618,0
DA:619,0
DA:622,0
DA:623,0
DA:625,0
DA:626,0
DA:627,0
DA:630,0
DA:631,0
DA:633,0
DA:636,0
DA:637,0
DA:640,0
DA:641,0
DA:642,0
DA:643,0
DA:644,0
DA:645,0
DA:646,0
DA:647,0
DA:648,0
DA:653,0
DA:666,0
DA:668,0
DA:672,0
DA:673,0
DA:676,0
DA:677,0
DA:678,0
DA:679,0
DA:680,0
DA:681,0
DA:682,0
DA:683,0
DA:686,0
DA:687,0
DA:688,0
DA:691,0
DA:692,0
DA:693,0
DA:694,0
DA:697,0
DA:698,0
DA:700,0
DA:705,0
DA:706,0
DA:707,0
DA:708,0
DA:709,0
DA:710,0
DA:711,0
DA:712,0
DA:713,0
DA:718,0
DA:731,0
DA:733,0
DA:738,0
DA:750,0
DA:759,0
DA:764,0
DA:765,0
DA:766,0
DA:769,0
DA:771,0
DA:777,0
DA:786,0
DA:791,0
DA:792,0
DA:794,0
DA:795,0
DA:797,0
DA:798,0
DA:801,0
DA:802,0
DA:812,0
DA:818,0
DA:827,0
DA:832,0
DA:833,0
DA:834,0
DA:837,0
DA:838,0
DA:846,0
DA:848,0
DA:849,0
DA:850,0
DA:851,0
DA:852,0
DA:853,0
DA:854,0
DA:856,0
DA:859,0
DA:861,0
DA:862,0
DA:864,0
DA:865,0
DA:866,0
DA:867,0
DA:868,0
DA:869,0
DA:870,0
DA:873,0
DA:874,0
DA:875,0
DA:876,0
DA:877,0
DA:880,0
DA:881,0
DA:882,0
DA:883,0
DA:887,0
DA:897,0
DA:914,0
DA:923,0
DA:928,0
DA:929,0
DA:930,0
DA:931,0
DA:932,0
DA:934,0
DA:943,0
DA:948,0
DA:949,0
DA:957,0
DA:958,0
DA:960,0
DA:961,0
DA:964,0
DA:972,0
DA:978,0
DA:987,0
DA:992,0
DA:993,0
DA:994,0
DA:995,0
DA:996,0
DA:997,0
DA:999,0
DA:1008,0
DA:1013,0
DA:1014,0
DA:1015,0
DA:1017,0
DA:1026,0
DA:1031,0
DA:1032,0
DA:1033,0
DA:1034,0
DA:1036,0
DA:1045,0
DA:1050,0
DA:1051,0
DA:1052,0
DA:1053,0
DA:1055,0
DA:1064,0
DA:1069,0
DA:1070,0
DA:1071,0
DA:1072,0
DA:1074,0
DA:1083,0
DA:1088,0
DA:1089,0
DA:1090,0
DA:1091,0
DA:1093,0
DA:1102,0
DA:1107,0
DA:1108,0
DA:1109,0
DA:1110,0
DA:1112,0
DA:1121,0
DA:1126,0
DA:1127,0
DA:1128,0
DA:1129,0
DA:1130,0
DA:1133,0
DA:1134,0
DA:1135,0
DA:1136,0
DA:1137,0
DA:1140,0
DA:1141,0
DA:1177,0
LF:373
LH:0
BRDA:22,0,0,0
BRDA:22,0,1,0
BRDA:22,1,0,0
BRDA:22,1,1,0
BRDA:22,1,2,0
BRDA:34,2,0,0
BRDA:34,2,1,0
BRDA:44,3,0,0
BRDA:44,3,1,0
BRDA:51,4,0,0
BRDA:51,4,1,0
BRDA:54,5,0,0
BRDA:54,5,1,0
BRDA:58,6,0,0
BRDA:58,6,1,0
BRDA:98,7,0,0
BRDA:98,7,1,0
BRDA:99,8,0,0
BRDA:99,8,1,0
BRDA:105,9,0,0
BRDA:105,9,1,0
BRDA:106,10,0,0
BRDA:106,10,1,0
BRDA:137,11,0,0
BRDA:137,11,1,0
BRDA:161,12,0,0
BRDA:161,12,1,0
BRDA:190,13,0,0
BRDA:190,13,1,0
BRDA:191,14,0,0
BRDA:191,14,1,0
BRDA:245,15,0,0
BRDA:245,15,1,0
BRDA:273,16,0,0
BRDA:273,16,1,0
BRDA:280,17,0,0
BRDA:280,17,1,0
BRDA:284,18,0,0
BRDA:284,18,1,0
BRDA:291,19,0,0
BRDA:291,19,1,0
BRDA:294,20,0,0
BRDA:294,20,1,0
BRDA:298,21,0,0
BRDA:298,21,1,0
BRDA:324,22,0,0
BRDA:324,22,1,0
BRDA:324,23,0,0
BRDA:324,23,1,0
BRDA:324,23,2,0
BRDA:331,24,0,0
BRDA:331,24,1,0
BRDA:359,25,0,0
BRDA:359,25,1,0
BRDA:384,26,0,0
BRDA:384,26,1,0
BRDA:384,27,0,0
BRDA:384,27,1,0
BRDA:410,28,0,0
BRDA:410,28,1,0
BRDA:411,29,0,0
BRDA:411,29,1,0
BRDA:435,30,0,0
BRDA:435,30,1,0
BRDA:463,31,0,0
BRDA:463,31,1,0
BRDA:482,32,0,0
BRDA:482,32,1,0
BRDA:500,33,0,0
BRDA:500,33,1,0
BRDA:500,34,0,0
BRDA:500,34,1,0
BRDA:504,35,0,0
BRDA:504,35,1,0
BRDA:508,36,0,0
BRDA:508,36,1,0
BRDA:508,36,2,0
BRDA:519,37,0,0
BRDA:519,37,1,0
BRDA:519,38,0,0
BRDA:519,38,1,0
BRDA:519,38,2,0
BRDA:529,39,0,0
BRDA:529,39,1,0
BRDA:530,40,0,0
BRDA:530,40,1,0
BRDA:531,41,0,0
BRDA:531,41,1,0
BRDA:532,42,0,0
BRDA:532,42,1,0
BRDA:532,43,0,0
BRDA:532,43,1,0
BRDA:536,44,0,0
BRDA:536,44,1,0
BRDA:537,45,0,0
BRDA:537,45,1,0
BRDA:538,46,0,0
BRDA:538,46,1,0
BRDA:539,47,0,0
BRDA:539,47,1,0
BRDA:540,48,0,0
BRDA:540,48,1,0
BRDA:541,49,0,0
BRDA:541,49,1,0
BRDA:547,50,0,0
BRDA:547,50,1,0
BRDA:552,51,0,0
BRDA:552,51,1,0
BRDA:554,52,0,0
BRDA:554,52,1,0
BRDA:555,53,0,0
BRDA:555,53,1,0
BRDA:557,54,0,0
BRDA:557,54,1,0
BRDA:581,55,0,0
BRDA:581,55,1,0
BRDA:586,56,0,0
BRDA:586,56,1,0
BRDA:586,56,2,0
BRDA:588,57,0,0
BRDA:588,57,1,0
BRDA:592,58,0,0
BRDA:592,58,1,0
BRDA:593,59,0,0
BRDA:593,59,1,0
BRDA:595,60,0,0
BRDA:595,60,1,0
BRDA:602,61,0,0
BRDA:602,61,1,0
BRDA:609,62,0,0
BRDA:609,62,1,0
BRDA:610,63,0,0
BRDA:610,63,1,0
BRDA:610,64,0,0
BRDA:610,64,1,0
BRDA:610,65,0,0
BRDA:610,65,1,0
BRDA:611,66,0,0
BRDA:611,66,1,0
BRDA:612,67,0,0
BRDA:612,67,1,0
BRDA:613,68,0,0
BRDA:613,68,1,0
BRDA:614,69,0,0
BRDA:614,69,1,0
BRDA:617,70,0,0
BRDA:617,70,1,0
BRDA:619,71,0,0
BRDA:619,71,1,0
BRDA:622,72,0,0
BRDA:622,72,1,0
BRDA:625,73,0,0
BRDA:625,73,1,0
BRDA:625,74,0,0
BRDA:625,74,1,0
BRDA:625,74,2,0
BRDA:630,75,0,0
BRDA:630,75,1,0
BRDA:637,76,0,0
BRDA:637,76,1,0
BRDA:637,76,2,0
BRDA:641,77,0,0
BRDA:641,77,1,0
BRDA:644,78,0,0
BRDA:644,78,1,0
BRDA:647,79,0,0
BRDA:647,79,1,0
BRDA:662,80,0,0
BRDA:662,80,1,0
BRDA:668,81,0,0
BRDA:668,81,1,0
BRDA:672,82,0,0
BRDA:672,82,1,0
BRDA:680,83,0,0
BRDA:680,83,1,0
BRDA:686,84,0,0
BRDA:686,84,1,0
BRDA:686,85,0,0
BRDA:686,85,1,0
BRDA:692,86,0,0
BRDA:692,86,1,0
BRDA:692,87,0,0
BRDA:692,87,1,0
BRDA:698,88,0,0
BRDA:698,88,1,0
BRDA:706,89,0,0
BRDA:706,89,1,0
BRDA:709,90,0,0
BRDA:709,90,1,0
BRDA:712,91,0,0
BRDA:712,91,1,0
BRDA:723,92,0,0
BRDA:723,92,1,0
BRDA:725,93,0,0
BRDA:725,93,1,0
BRDA:726,94,0,0
BRDA:726,94,1,0
BRDA:727,95,0,0
BRDA:727,95,1,0
BRDA:727,96,0,0
BRDA:727,96,1,0
BRDA:733,97,0,0
BRDA:733,97,1,0
BRDA:744,98,0,0
BRDA:744,98,1,0
BRDA:794,99,0,0
BRDA:794,99,1,0
BRDA:794,100,0,0
BRDA:794,100,1,0
BRDA:797,101,0,0
BRDA:797,101,1,0
BRDA:833,102,0,0
BRDA:833,102,1,0
BRDA:846,103,0,0
BRDA:846,103,1,0
BRDA:854,104,0,0
BRDA:854,104,1,0
BRDA:854,105,0,0
BRDA:854,105,1,0
BRDA:854,105,2,0
BRDA:864,106,0,0
BRDA:864,106,1,0
BRDA:867,107,0,0
BRDA:867,107,1,0
BRDA:867,107,2,0
BRDA:868,108,0,0
BRDA:868,108,1,0
BRDA:869,109,0,0
BRDA:869,109,1,0
BRDA:874,110,0,0
BRDA:874,110,1,0
BRDA:875,111,0,0
BRDA:875,111,1,0
BRDA:875,111,2,0
BRDA:876,112,0,0
BRDA:876,112,1,0
BRDA:876,113,0,0
BRDA:876,113,1,0
BRDA:877,114,0,0
BRDA:877,114,1,0
BRDA:877,115,0,0
BRDA:877,115,1,0
BRDA:883,116,0,0
BRDA:883,116,1,0
BRDA:883,117,0,0
BRDA:883,117,1,0
BRDA:901,118,0,0
BRDA:901,118,1,0
BRDA:957,119,0,0
BRDA:957,119,1,0
BRDA:957,120,0,0
BRDA:957,120,1,0
BRDA:960,121,0,0
BRDA:960,121,1,0
BRDA:993,122,0,0
BRDA:993,122,1,0
BRDA:1032,123,0,0
BRDA:1032,123,1,0
BRDA:1051,124,0,0
BRDA:1051,124,1,0
BRDA:1070,125,0,0
BRDA:1070,125,1,0
BRDA:1089,126,0,0
BRDA:1089,126,1,0
BRDA:1108,127,0,0
BRDA:1108,127,1,0
BRDA:1128,128,0,0
BRDA:1128,128,1,0
BRDA:1135,129,0,0
BRDA:1135,129,1,0
BRDA:1136,130,0,0
BRDA:1136,130,1,0
BRF:272
BRH:0
end_of_record
TN:
SF:src/controllers/review.controller.ts
FN:11,(anonymous_1)
FN:39,(anonymous_2)
FN:67,(anonymous_3)
FN:95,(anonymous_4)
FN:117,(anonymous_5)
FN:144,(anonymous_6)
FN:177,(anonymous_7)
FNF:7
FNH:0
FNDA:0,(anonymous_1)
FNDA:0,(anonymous_2)
FNDA:0,(anonymous_3)
FNDA:0,(anonymous_4)
FNDA:0,(anonymous_5)
FNDA:0,(anonymous_6)
FNDA:0,(anonymous_7)
DA:2,0
DA:3,0
DA:4,0
DA:11,0
DA:16,0
DA:17,0
DA:24,0
DA:30,0
DA:39,0
DA:44,0
DA:45,0
DA:46,0
DA:52,0
DA:58,0
DA:67,0
DA:72,0
DA:73,0
DA:74,0
DA:80,0
DA:86,0
DA:95,0
DA:100,0
DA:101,0
DA:103,0
DA:108,0
DA:117,0
DA:122,0
DA:123,0
DA:129,0
DA:135,0
DA:144,0
DA:149,0
DA:150,0
DA:151,0
DA:153,0
DA:155,0
DA:159,0
DA:161,0
DA:163,0
DA:168,0
DA:177,0
DA:182,0
DA:183,0
DA:184,0
DA:186,0
DA:190,0
DA:193,0
DA:195,0
DA:200,0
LF:49
LH:0
BRDA:48,0,0,0
BRDA:48,0,1,0
BRDA:49,1,0,0
BRDA:49,1,1,0
BRDA:76,2,0,0
BRDA:76,2,1,0
BRDA:77,3,0,0
BRDA:77,3,1,0
BRDA:151,4,0,0
BRDA:151,4,1,0
BRDA:155,5,0,0
BRDA:155,5,1,0
BRDA:155,5,2,0
BRDA:159,6,0,0
BRDA:159,6,1,0
BRDA:184,7,0,0
BRDA:184,7,1,0
BRDA:186,8,0,0
BRDA:186,8,1,0
BRDA:187,9,0,0
BRDA:187,9,1,0
BRF:21
BRH:0
end_of_record
TN:
SF:src/controllers/savedItem.controller.ts
FN:9,(anonymous_1)
FN:35,(anonymous_2)
FN:63,(anonymous_3)
FN:92,(anonymous_4)
FN:117,(anonymous_5)
FNF:5
FNH:0
FNDA:0,(anonymous_1)
FNDA:0,(anonymous_2)
FNDA:0,(anonymous_3)
FNDA:0,(anonymous_4)
FNDA:0,(anonymous_5)
DA:2,0
DA:9,0
DA:14,0
DA:15,0
DA:20,0
DA:26,0
DA:35,0
DA:40,0
DA:41,0
DA:42,0
DA:48,0
DA:54,0
DA:63,0
DA:68,0
DA:69,0
DA:70,0
DA:76,0
DA:83,0
DA:92,0
DA:97,0
DA:98,0
DA:103,0
DA:108,0
DA:117,0
DA:122,0
DA:123,0
DA:125,0
DA:130,0
LF:28
LH:0
BRDA:22,0,0,0
BRDA:22,0,1,0
BRDA:44,1,0,0
BRDA:44,1,1,0
BRDA:45,2,0,0
BRDA:45,2,1,0
BRDA:72,3,0,0
BRDA:72,3,1,0
BRDA:73,4,0,0
BRDA:73,4,1,0
BRF:10
BRH:0
end_of_record
TN:
SF:src/controllers/user.controller.ts
FN:9,(anonymous_1)
FN:35,(anonymous_2)
FN:63,(anonymous_3)
FN:91,(anonymous_4)
FNF:4
FNH:0
FNDA:0,(anonymous_1)
FNDA:0,(anonymous_2)
FNDA:0,(anonymous_3)
FNDA:0,(anonymous_4)
DA:2,0
DA:9,0
DA:14,0
DA:15,0
DA:20,0
DA:26,0
DA:35,0
DA:40,0
DA:41,0
DA:42,0
DA:48,0
DA:54,0
DA:63,0
DA:68,0
DA:69,0
DA:70,0
DA:76,0
DA:82,0
DA:91,0
DA:96,0
DA:97,0
DA:99,0
DA:104,0
LF:23
LH:0
BRDA:22,0,0,0
BRDA:22,0,1,0
BRDA:44,1,0,0
BRDA:44,1,1,0
BRDA:45,2,0,0
BRDA:45,2,1,0
BRDA:72,3,0,0
BRDA:72,3,1,0
BRDA:73,4,0,0
BRDA:73,4,1,0
BRF:10
BRH:0
end_of_record
TN:
SF:src/controllers/verification.controller.ts
FN:9,(anonymous_1)
FN:35,(anonymous_2)
FN:61,(anonymous_3)
FN:91,(anonymous_4)
FN:117,(anonymous_5)
FNF:5
FNH:0
FNDA:0,(anonymous_1)
FNDA:0,(anonymous_2)
FNDA:0,(anonymous_3)
FNDA:0,(anonymous_4)
FNDA:0,(anonymous_5)
DA:2,0
DA:9,0
DA:14,0
DA:15,0
DA:16,0
DA:17,0
DA:18,0
DA:20,0
DA:21,0
DA:26,0
DA:35,0
DA:40,0
DA:41,0
DA:42,0
DA:43,0
DA:44,0
DA:46,0
DA:47,0
DA:52,0
DA:61,0
DA:66,0
DA:67,0
DA:68,0
DA:69,0
DA:70,0
DA:72,0
DA:73,0
DA:74,0
DA:76,0
DA:77,0
DA:82,0
DA:91,0
DA:96,0
DA:97,0
DA:98,0
DA:99,0
DA:100,0
DA:102,0
DA:103,0
DA:108,0
DA:117,0
DA:122,0
DA:123,0
DA:124,0
DA:129,0
LF:45
LH:0
BRDA:16,0,0,0
BRDA:16,0,1,0
BRDA:42,1,0,0
BRDA:42,1,1,0
BRDA:68,2,0,0
BRDA:68,2,1,0
BRDA:68,3,0,0
BRDA:68,3,1,0
BRDA:72,4,0,0
BRDA:72,4,1,0
BRDA:79,5,0,0
BRDA:79,5,1,0
BRDA:98,6,0,0
BRDA:98,6,1,0
BRF:14
BRH:0
end_of_record
TN:
SF:src/middleware/auth.ts
FN:18,(anonymous_1)
FN:77,(anonymous_2)
FN:78,(anonymous_3)
FN:79,(anonymous_4)
FN:90,(anonymous_5)
FN:127,(anonymous_6)
FN:128,(anonymous_7)
FNF:7
FNH:0
FNDA:0,(anonymous_1)
FNDA:0,(anonymous_2)
FNDA:0,(anonymous_3)
FNDA:0,(anonymous_4)
FNDA:0,(anonymous_5)
FNDA:0,(anonymous_6)
FNDA:0,(anonymous_7)
DA:2,0
DA:3,0
DA:4,0
DA:18,0
DA:23,0
DA:27,0
DA:31,0
DA:34,0
DA:35,0
DA:38,0
DA:39,0
DA:43,0
DA:46,0
DA:48,0
DA:49,0
DA:52,0
DA:53,0
DA:59,0
DA:60,0
DA:62,0
DA:63,0
DA:64,0
DA:65,0
DA:66,0
DA:67,0
DA:69,0
DA:77,0
DA:78,0
DA:79,0
DA:80,0
DA:81,0
DA:83,0
DA:90,0
DA:95,0
DA:98,0
DA:102,0
DA:103,0
DA:104,0
DA:107,0
DA:108,0
DA:109,0
DA:110,0
DA:111,0
DA:115,0
DA:118,0
DA:127,0
DA:128,0
DA:129,0
DA:130,0
DA:131,0
DA:134,0
DA:135,0
DA:136,0
DA:137,0
DA:140,0
DA:141,0
DA:142,0
DA:143,0
DA:147,0
LF:59
LH:0
BRDA:27,0,0,0
BRDA:27,0,1,0
BRDA:28,1,0,0
BRDA:28,1,1,0
BRDA:34,2,0,0
BRDA:34,2,1,0
BRDA:38,3,0,0
BRDA:38,3,1,0
BRDA:48,4,0,0
BRDA:48,4,1,0
BRDA:52,5,0,0
BRDA:52,5,1,0
BRDA:62,6,0,0
BRDA:62,6,1,0
BRDA:64,7,0,0
BRDA:64,7,1,0
BRDA:66,8,0,0
BRDA:66,8,1,0
BRDA:79,9,0,0
BRDA:79,9,1,0
BRDA:79,10,0,0
BRDA:79,10,1,0
BRDA:98,11,0,0
BRDA:98,11,1,0
BRDA:99,12,0,0
BRDA:99,12,1,0
BRDA:103,13,0,0
BRDA:103,13,1,0
BRDA:107,14,0,0
BRDA:107,14,1,0
BRDA:110,15,0,0
BRDA:110,15,1,0
BRDA:110,16,0,0
BRDA:110,16,1,0
BRDA:129,17,0,0
BRDA:129,17,1,0
BRDA:134,18,0,0
BRDA:134,18,1,0
BRDA:135,19,0,0
BRDA:135,19,1,0
BRDA:140,20,0,0
BRDA:140,20,1,0
BRDA:140,21,0,0
BRDA:140,21,1,0
BRDA:140,21,2,0
BRDA:141,22,0,0
BRDA:141,22,1,0
BRF:47
BRH:0
end_of_record
TN:
SF:src/middleware/errorHandler.ts
FN:9,(anonymous_1)
FN:87,(anonymous_2)
FNF:2
FNH:2
FNDA:8,(anonymous_1)
FNDA:1,(anonymous_2)
DA:2,1
DA:3,1
DA:4,1
DA:9,1
DA:15,8
DA:16,8
DA:17,8
DA:19,8
DA:20,1
DA:21,1
DA:22,1
DA:26,8
DA:27,1
DA:28,1
DA:29,1
DA:32,8
DA:33,1
DA:34,1
DA:35,1
DA:36,1
DA:38,0
DA:42,8
DA:43,1
DA:44,1
DA:45,1
DA:49,8
DA:50,1
DA:51,1
DA:52,1
DA:53,1
DA:57,8
DA:58,1
DA:59,1
DA:60,1
DA:64,8
DA:65,1
DA:66,1
DA:72,7
DA:74,1
DA:77,8
DA:87,1
DA:92,1
LF:42
LH:41
BRDA:19,0,0,1
BRDA:19,0,1,7
BRDA:26,1,0,1
BRDA:26,1,1,7
BRDA:32,2,0,1
BRDA:32,2,1,7
BRDA:35,3,0,1
BRDA:35,3,1,0
BRDA:42,4,0,1
BRDA:42,4,1,7
BRDA:49,5,0,1
BRDA:49,5,1,7
BRDA:51,6,0,1
BRDA:51,6,1,0
BRDA:52,7,0,1
BRDA:52,7,1,0
BRDA:57,8,0,1
BRDA:57,8,1,7
BRDA:64,9,0,1
BRDA:64,9,1,7
BRDA:65,10,0,1
BRDA:65,10,1,0
BRDA:72,11,0,1
BRDA:72,11,1,6
BRDA:72,12,0,7
BRDA:72,12,1,1
BRDA:80,13,0,8
BRDA:80,13,1,1
BRF:28
BRH:24
end_of_record
TN:
SF:src/middleware/index.ts
FN:1,(anonymous_0)
FN:1,(anonymous_1)
FN:2,(anonymous_2)
FN:2,(anonymous_3)
FN:2,(anonymous_4)
FN:2,(anonymous_5)
FN:3,(anonymous_6)
FN:4,(anonymous_7)
FN:4,(anonymous_8)
FNF:9
FNH:0
FNDA:0,(anonymous_0)
FNDA:0,(anonymous_1)
FNDA:0,(anonymous_2)
FNDA:0,(anonymous_3)
FNDA:0,(anonymous_4)
FNDA:0,(anonymous_5)
FNDA:0,(anonymous_6)
FNDA:0,(anonymous_7)
FNDA:0,(anonymous_8)
DA:1,0
DA:2,0
DA:3,0
DA:4,0
LF:4
LH:0
BRF:0
BRH:0
end_of_record
TN:
SF:src/middleware/rateLimit.ts
FN:16,(anonymous_1)
FNF:1
FNH:0
FNDA:0,(anonymous_1)
DA:1,0
DA:6,0
DA:18,0
DA:26,0
DA:43,0
DA:58,0
DA:74,0
LF:7
LH:0
BRDA:8,0,0,0
BRDA:8,0,1,0
BRDA:18,1,0,0
BRDA:18,1,1,0
BRF:4
BRH:0
end_of_record
TN:
SF:src/middleware/roleCheck.ts
FN:8,(anonymous_1)
FN:9,(anonymous_2)
FN:14,(anonymous_3)
FN:39,(anonymous_4)
FN:42,(anonymous_5)
FNF:5
FNH:0
FNDA:0,(anonymous_1)
FNDA:0,(anonymous_2)
FNDA:0,(anonymous_3)
FNDA:0,(anonymous_4)
FNDA:0,(anonymous_5)
DA:2,0
DA:8,0
DA:9,0
DA:10,0
DA:11,0
DA:14,0
DA:15,0
DA:22,0
DA:29,0
DA:34,0
DA:39,0
DA:42,0
DA:43,0
DA:44,0
DA:47,0
DA:48,0
DA:49,0
DA:51,0
DA:52,0
DA:57,0
LF:20
LH:0
BRDA:10,0,0,0
BRDA:10,0,1,0
BRDA:14,1,0,0
BRDA:14,1,1,0
BRDA:43,2,0,0
BRDA:43,2,1,0
BRDA:51,3,0,0
BRDA:51,3,1,0
BRDA:51,4,0,0
BRDA:51,4,1,0
BRF:10
BRH:0
end_of_record
TN:
SF:src/middleware/validate.ts
FN:8,(anonymous_1)
FN:18,(anonymous_2)
FNF:2
FNH:0
FNDA:0,(anonymous_1)
FNDA:0,(anonymous_2)
DA:2,0
DA:3,0
DA:8,0
DA:13,0
DA:15,0
DA:16,0
DA:18,0
DA:21,0
DA:24,0
LF:9
LH:0
BRDA:15,0,0,0
BRDA:15,0,1,0
BRF:2
BRH:0
end_of_record
TN:
SF:src/middleware/validateRequest.ts
FN:7,(anonymous_0)
FN:12,(anonymous_1)
FN:41,(anonymous_2)
FN:42,(anonymous_3)
FN:59,(anonymous_4)
FN:80,(anonymous_5)
FNF:6
FNH:6
FNDA:6,(anonymous_0)
FNDA:19,(anonymous_1)
FNDA:2,(anonymous_2)
FNDA:2,(anonymous_3)
FNDA:4,(anonymous_4)
FNDA:5,(anonymous_5)
DA:7,1
DA:12,6
DA:13,19
DA:14,10
DA:20,9
DA:21,9
DA:22,9
DA:23,12
DA:25,9
DA:27,0
DA:30,6
DA:31,6
DA:32,6
DA:34,6
DA:41,1
DA:42,2
DA:43,2
DA:44,2
DA:45,1
DA:49,1
DA:51,1
DA:59,1
DA:64,4
DA:65,4
DA:67,4
DA:68,2
DA:72,2
DA:74,2
DA:80,1
DA:85,5
DA:86,5
DA:88,5
DA:89,3
DA:90,3
DA:91,1
DA:93,3
DA:94,1
DA:98,5
DA:99,3
DA:100,1
DA:102,3
DA:103,1
DA:107,5
DA:108,3
DA:109,1
DA:111,3
DA:112,1
DA:116,5
DA:117,4
DA:122,4
DA:125,1
LF:51
LH:50
BRDA:13,0,0,10
BRDA:13,0,1,9
BRDA:20,1,0,9
BRDA:20,1,1,0
BRDA:20,2,0,9
BRDA:20,2,1,9
BRDA:21,3,0,1
BRDA:21,3,1,8
BRDA:30,4,0,5
BRDA:30,4,1,1
BRDA:31,5,0,1
BRDA:31,5,1,5
BRDA:32,6,0,1
BRDA:32,6,1,5
BRDA:41,7,0,0
BRDA:43,8,0,2
BRDA:43,8,1,0
BRDA:44,9,0,1
BRDA:44,9,1,1
BRDA:65,10,0,4
BRDA:65,10,1,2
BRDA:65,10,2,1
BRDA:67,11,0,2
BRDA:67,11,1,2
BRDA:67,12,0,4
BRDA:67,12,1,4
BRDA:88,13,0,3
BRDA:88,13,1,2
BRDA:90,14,0,1
BRDA:90,14,1,2
BRDA:93,15,0,1
BRDA:93,15,1,2
BRDA:98,16,0,3
BRDA:98,16,1,2
BRDA:99,17,0,1
BRDA:99,17,1,2
BRDA:102,18,0,1
BRDA:102,18,1,2
BRDA:107,19,0,3
BRDA:107,19,1,2
BRDA:108,20,0,1
BRDA:108,20,1,2
BRDA:111,21,0,1
BRDA:111,21,1,2
BRDA:116,22,0,4
BRDA:116,22,1,1
BRF:46
BRH:43
end_of_record
TN:
SF:src/models/Activity.ts
FNF:0
FNH:0
DA:1,1
DA:17,1
DA:50,1
DA:52,1
DA:54,1
LF:5
LH:5
BRF:0
BRH:0
end_of_record
TN:
SF:src/models/AnalyticsEvent.ts
FNF:0
FNH:0
DA:1,0
DA:13,0
DA:23,0
DA:24,0
DA:26,0
DA:27,0
LF:6
LH:0
BRF:0
BRH:0
end_of_record
TN:
SF:src/models/Bundle.ts
FNF:0
FNH:0
DA:1,1
DA:13,1
DA:45,1
DA:47,1
LF:4
LH:4
BRF:0
BRH:0
end_of_record
TN:
SF:src/models/Category.ts
FN:50,(anonymous_9)
FNF:1
FNH:0
FNDA:0,(anonymous_9)
DA:1,0
DA:14,0
DA:51,0
DA:52,0
DA:58,0
DA:60,0
LF:6
LH:0
BRF:0
BRH:0
end_of_record
TN:
SF:src/models/Conversation.ts
FN:35,(anonymous_9)
FNF:1
FNH:0
FNDA:0,(anonymous_9)
DA:1,0
DA:12,0
DA:36,0
DA:37,0
DA:44,0
DA:45,0
DA:47,0
DA:49,0
DA:51,0
LF:9
LH:0
BRF:0
BRH:0
end_of_record
TN:
SF:src/models/Coupon.ts
FNF:0
FNH:0
DA:1,1
DA:18,1
DA:66,1
DA:68,1
LF:4
LH:4
BRF:0
BRH:0
end_of_record
TN:
SF:src/models/Dispute.ts
FNF:0
FNH:0
DA:1,0
DA:27,0
DA:78,0
DA:79,0
DA:80,0
DA:82,0
LF:6
LH:0
BRF:0
BRH:0
end_of_record
TN:
SF:src/models/Message.ts
FN:66,(anonymous_9)
FNF:1
FNH:0
FNDA:0,(anonymous_9)
DA:1,0
DA:20,0
DA:67,0
DA:68,0
DA:75,0
DA:76,0
DA:78,0
DA:80,0
LF:8
LH:0
BRF:0
BRH:0
end_of_record
TN:
SF:src/models/Notification.ts
FN:90,(anonymous_9)
FNF:1
FNH:0
FNDA:0,(anonymous_9)
DA:1,1
DA:35,1
DA:91,0
DA:92,0
DA:99,1
DA:100,1
DA:103,1
DA:105,1
DA:107,1
LF:9
LH:7
BRF:0
BRH:0
end_of_record
TN:
SF:src/models/Offer.ts
FN:43,(anonymous_9)
FNF:1
FNH:0
FNDA:0,(anonymous_9)
DA:1,0
DA:14,0
DA:43,0
DA:52,0
DA:53,0
DA:55,0
LF:6
LH:0
BRF:0
BRH:0
end_of_record
TN:
SF:src/models/OpsAuditLog.ts
FNF:0
FNH:0
DA:1,0
DA:15,0
DA:27,0
DA:29,0
DA:30,0
LF:5
LH:0
BRF:0
BRH:0
end_of_record
TN:
SF:src/models/Order.ts
FN:79,(anonymous_9)
FN:145,(anonymous_10)
FNF:2
FNH:0
FNDA:0,(anonymous_9)
FNDA:0,(anonymous_10)
DA:1,1
DA:33,1
DA:59,1
DA:79,0
DA:140,1
DA:141,1
DA:142,1
DA:145,1
DA:146,0
DA:147,0
DA:148,0
DA:149,0
DA:151,0
DA:154,1
LF:14
LH:8
BRDA:146,0,0,0
BRDA:146,0,1,0
BRF:2
BRH:0
end_of_record
TN:
SF:src/models/Payout.ts
FNF:0
FNH:0
DA:1,0
DA:24,0
DA:96,0
DA:97,0
DA:98,0
DA:100,0
LF:6
LH:0
BRF:0
BRH:0
end_of_record
TN:
SF:src/models/Product.ts
FN:89,(anonymous_9)
FN:124,(anonymous_10)
FN:169,(anonymous_11)
FNF:3
FNH:0
FNDA:0,(anonymous_9)
FNDA:0,(anonymous_10)
FNDA:0,(anonymous_11)
DA:1,1
DA:41,1
DA:49,1
DA:90,0
DA:125,0
DA:170,0
DA:171,0
DA:178,1
DA:179,1
DA:180,1
DA:181,1
DA:182,1
DA:183,1
DA:185,1
DA:187,1
LF:15
LH:11
BRF:0
BRH:0
end_of_record
TN:
SF:src/models/PromotionCampaign.ts
FNF:0
FNH:0
DA:1,0
DA:20,0
DA:37,0
DA:39,0
DA:40,0
LF:5
LH:0
BRF:0
BRH:0
end_of_record
TN:
SF:src/models/RetryJob.ts
FNF:0
FNH:0
DA:1,0
DA:16,0
DA:29,0
DA:31,0
DA:32,0
LF:5
LH:0
BRF:0
BRH:0
end_of_record
TN:
SF:src/models/Review.ts
FN:64,(anonymous_9)
FNF:1
FNH:0
FNDA:0,(anonymous_9)
DA:1,0
DA:17,0
DA:65,0
DA:66,0
DA:73,0
DA:75,0
DA:76,0
DA:77,0
DA:79,0
DA:81,0
LF:10
LH:0
BRF:0
BRH:0
end_of_record
TN:
SF:src/models/Store.ts
FN:132,(anonymous_9)
FNF:1
FNH:0
FNDA:0,(anonymous_9)
DA:1,0
DA:38,0
DA:133,0
DA:134,0
DA:141,0
DA:143,0
DA:145,0
LF:7
LH:0
BRF:0
BRH:0
end_of_record
TN:
SF:src/models/SupportRequest.ts
FNF:0
FNH:0
DA:1,0
DA:16,0
DA:30,0
LF:3
LH:0
BRF:0
BRH:0
end_of_record
TN:
SF:src/models/Transaction.ts
FNF:0
FNH:0
DA:1,0
DA:17,0
DA:63,0
DA:64,0
DA:66,0
LF:5
LH:0
BRF:0
BRH:0
end_of_record
TN:
SF:src/models/TrustSignal.ts
FNF:0
FNH:0
DA:1,0
DA:14,0
DA:25,0
DA:27,0
DA:28,0
LF:5
LH:0
BRF:0
BRH:0
end_of_record
TN:
SF:src/models/User.ts
FN:283,(anonymous_10)
FN:293,(anonymous_11)
FN:306,(anonymous_12)
FNF:3
FNH:0
FNDA:0,(anonymous_10)
FNDA:0,(anonymous_11)
FNDA:0,(anonymous_12)
DA:1,1
DA:2,1
DA:82,1
DA:284,0
DA:285,0
DA:286,0
DA:293,1
DA:294,0
DA:296,0
DA:297,0
DA:298,0
DA:299,0
DA:301,0
DA:306,1
DA:309,0
DA:313,1
DA:315,1
DA:317,1
LF:18
LH:8
BRDA:294,0,0,0
BRDA:294,0,1,0
BRF:2
BRH:0
end_of_record
TN:
SF:src/models/VerificationCode.ts
FNF:0
FNH:0
DA:1,0
DA:17,0
DA:69,0
DA:71,0
DA:72,0
DA:74,0
DA:76,0
LF:7
LH:0
BRF:0
BRH:0
end_of_record
TN:
SF:src/models/index.ts
FN:1,(anonymous_1)
FN:2,(anonymous_2)
FN:3,(anonymous_3)
FN:4,(anonymous_4)
FN:5,(anonymous_5)
FN:6,(anonymous_6)
FN:7,(anonymous_7)
FN:8,(anonymous_8)
FN:9,(anonymous_9)
FN:10,(anonymous_10)
FN:11,(anonymous_11)
FN:12,(anonymous_12)
FN:13,(anonymous_13)
FN:14,(anonymous_14)
FN:15,(anonymous_15)
FN:16,(anonymous_16)
FN:17,(anonymous_17)
FNF:17
FNH:0
FNDA:0,(anonymous_1)
FNDA:0,(anonymous_2)
FNDA:0,(anonymous_3)
FNDA:0,(anonymous_4)
FNDA:0,(anonymous_5)
FNDA:0,(anonymous_6)
FNDA:0,(anonymous_7)
FNDA:0,(anonymous_8)
FNDA:0,(anonymous_9)
FNDA:0,(anonymous_10)
FNDA:0,(anonymous_11)
FNDA:0,(anonymous_12)
FNDA:0,(anonymous_13)
FNDA:0,(anonymous_14)
FNDA:0,(anonymous_15)
FNDA:0,(anonymous_16)
FNDA:0,(anonymous_17)
DA:1,0
DA:2,0
DA:3,0
DA:4,0
DA:5,0
DA:6,0
DA:7,0
DA:8,0
DA:9,0
DA:10,0
DA:11,0
DA:12,0
DA:13,0
DA:14,0
DA:15,0
DA:16,0
DA:17,0
LF:17
LH:0
BRF:0
BRH:0
end_of_record
TN:
SF:src/routes/admin.routes.ts
FNF:0
FNH:0
DA:1,0
DA:2,0
DA:16,0
DA:17,0
DA:19,0
DA:21,0
DA:23,0
DA:25,0
DA:26,0
DA:27,0
DA:29,0
DA:30,0
DA:32,0
DA:33,0
DA:34,0
DA:35,0
DA:36,0
DA:37,0
DA:39,0
LF:19
LH:0
BRF:0
BRH:0
end_of_record
TN:
SF:src/routes/auth.routes.ts
FNF:0
FNH:0
DA:1,0
DA:2,0
DA:3,0
DA:19,0
DA:20,0
DA:21,0
DA:22,0
DA:24,0
DA:27,0
DA:55,0
DA:69,0
DA:72,0
DA:75,0
DA:78,0
DA:109,0
DA:112,0
DA:131,0
DA:134,0
DA:137,0
DA:140,0
DA:143,0
DA:155,0
DA:157,0
LF:23
LH:0
BRF:0
BRH:0
end_of_record
TN:
SF:src/routes/autoPayout.routes.ts
FNF:0
FNH:0
DA:1,0
DA:2,0
DA:3,0
DA:4,0
DA:6,0
DA:8,0
DA:9,0
DA:11,0
LF:8
LH:0
BRF:0
BRH:0
end_of_record
TN:
SF:src/routes/category.routes.ts
FNF:0
FNH:0
DA:1,0
DA:2,0
DA:3,0
DA:11,0
DA:12,0
DA:13,0
DA:15,0
DA:18,0
DA:21,0
DA:24,0
DA:27,0
DA:40,0
DA:43,0
DA:45,0
LF:14
LH:0
BRF:0
BRH:0
end_of_record
TN:
SF:src/routes/chat.routes.ts
FNF:0
FNH:0
DA:1,0
DA:2,0
DA:12,0
DA:14,0
DA:17,0
DA:20,0
DA:23,0
DA:26,0
DA:29,0
DA:32,0
DA:35,0
DA:38,0
DA:41,0
DA:43,0
LF:14
LH:0
BRF:0
BRH:0
end_of_record
TN:
SF:src/routes/dispute.routes.ts
FNF:0
FNH:0
DA:1,0
DA:2,0
DA:3,0
DA:10,0
DA:11,0
DA:13,0
DA:16,0
DA:33,0
DA:36,0
DA:39,0
DA:42,0
DA:55,0
LF:12
LH:0
BRF:0
BRH:0
end_of_record
TN:
SF:src/routes/feed.routes.ts
FNF:0
FNH:0
DA:1,0
DA:2,0
DA:3,0
DA:5,0
DA:8,0
DA:11,0
DA:13,0
LF:7
LH:0
BRF:0
BRH:0
end_of_record
TN:
SF:src/routes/growth.routes.ts
FNF:0
FNH:0
DA:1,0
DA:2,0
DA:3,0
DA:4,0
DA:15,0
DA:17,0
DA:18,0
DA:19,0
DA:21,0
DA:22,0
DA:24,0
DA:25,0
DA:26,0
DA:28,0
LF:14
LH:0
BRF:0
BRH:0
end_of_record
TN:
SF:src/routes/index.ts
FN:25,(anonymous_1)
FNF:1
FNH:0
FNDA:0,(anonymous_1)
DA:1,0
DA:2,0
DA:3,0
DA:4,0
DA:5,0
DA:6,0
DA:7,0
DA:8,0
DA:9,0
DA:10,0
DA:11,0
DA:12,0
DA:13,0
DA:14,0
DA:15,0
DA:16,0
DA:17,0
DA:18,0
DA:19,0
DA:20,0
DA:22,0
DA:25,0
DA:26,0
DA:34,0
DA:35,0
DA:36,0
DA:37,0
DA:38,0
DA:39,0
DA:40,0
DA:41,0
DA:42,0
DA:43,0
DA:44,0
DA:45,0
DA:46,0
DA:47,0
DA:48,0
DA:49,0
DA:50,0
DA:51,0
DA:52,0
DA:54,0
LF:43
LH:0
BRF:0
BRH:0
end_of_record
TN:
SF:src/routes/notification.routes.ts
FNF:0
FNH:0
DA:1,0
DA:2,0
DA:12,0
DA:14,0
DA:17,0
DA:20,0
DA:21,0
DA:22,0
DA:25,0
DA:28,0
DA:31,0
DA:34,0
DA:37,0
DA:39,0
LF:14
LH:0
BRF:0
BRH:0
end_of_record
TN:
SF:src/routes/offer.routes.ts
FNF:0
FNH:0
DA:1,0
DA:2,0
DA:3,0
DA:5,0
DA:7,0
DA:9,0
DA:10,0
DA:12,0
LF:8
LH:0
BRF:0
BRH:0
end_of_record
TN:
SF:src/routes/order.routes.ts
FNF:0
FNH:0
DA:1,0
DA:2,0
DA:20,0
DA:21,0
DA:23,0
DA:26,0
DA:29,0
DA:32,0
DA:35,0
DA:38,0
DA:41,0
DA:42,0
DA:45,0
DA:46,0
DA:47,0
DA:50,0
DA:51,0
DA:55,0
DA:58,0
DA:61,0
DA:64,0
DA:67,0
DA:69,0
LF:23
LH:0
BRF:0
BRH:0
end_of_record
TN:
SF:src/routes/payment.routes.ts
FNF:0
FNH:0
DA:1,0
DA:2,0
DA:8,0
DA:10,0
DA:13,0
DA:16,0
DA:17,0
DA:18,0
DA:20,0
LF:9
LH:0
BRF:0
BRH:0
end_of_record
TN:
SF:src/routes/payout.routes.ts
FNF:0
FNH:0
DA:1,0
DA:2,0
DA:9,0
DA:10,0
DA:12,0
DA:15,0
DA:18,0
DA:19,0
DA:20,0
DA:21,0
DA:23,0
LF:11
LH:0
BRF:0
BRH:0
end_of_record
TN:
SF:src/routes/product.routes.ts
FNF:0
FNH:0
DA:1,0
DA:2,0
DA:32,0
DA:33,0
DA:34,0
DA:35,0
DA:37,0
DA:44,0
DA:47,0
DA:50,0
DA:53,0
DA:56,0
DA:59,0
DA:62,0
DA:65,0
DA:68,0
DA:71,0
DA:74,0
DA:77,0
DA:80,0
DA:83,0
DA:86,0
DA:93,0
DA:102,0
DA:111,0
DA:114,0
DA:117,0
DA:120,0
DA:123,0
DA:133,0
DA:136,0
DA:144,0
DA:147,0
DA:150,0
DA:153,0
DA:155,0
LF:36
LH:0
BRF:0
BRH:0
end_of_record
TN:
SF:src/routes/review.routes.ts
FNF:0
FNH:0
DA:1,0
DA:2,0
DA:11,0
DA:12,0
DA:14,0
DA:17,0
DA:18,0
DA:19,0
DA:22,0
DA:23,0
DA:24,0
DA:25,0
DA:27,0
LF:13
LH:0
BRF:0
BRH:0
end_of_record
TN:
SF:src/routes/savedItem.routes.ts
FNF:0
FNH:0
DA:1,0
DA:2,0
DA:9,0
DA:11,0
DA:14,0
DA:17,0
DA:20,0
DA:23,0
DA:26,0
DA:29,0
DA:31,0
LF:11
LH:0
BRF:0
BRH:0
end_of_record
TN:
SF:src/routes/support.routes.ts
FN:15,(anonymous_1)
FN:63,(anonymous_2)
FNF:2
FNH:0
FNDA:0,(anonymous_1)
FNDA:0,(anonymous_2)
DA:1,0
DA:2,0
DA:3,0
DA:4,0
DA:5,0
DA:8,0
DA:15,0
DA:16,0
DA:17,0
DA:18,0
DA:19,0
DA:21,0
DA:22,0
DA:31,0
DA:32,0
DA:33,0
DA:36,0
DA:45,0
DA:54,0
DA:64,0
DA:65,0
DA:68,0
DA:83,0
DA:95,0
DA:100,0
DA:105,0
LF:26
LH:0
BRDA:21,0,0,0
BRDA:21,0,1,0
BRDA:31,1,0,0
BRDA:31,1,1,0
BRDA:31,2,0,0
BRDA:31,2,1,0
BRF:6
BRH:0
end_of_record
TN:
SF:src/routes/user.routes.ts
FNF:0
FNH:0
DA:1,0
DA:2,0
DA:8,0
DA:10,0
DA:13,0
DA:16,0
DA:19,0
DA:22,0
DA:25,0
DA:27,0
LF:10
LH:0
BRF:0
BRH:0
end_of_record
TN:
SF:src/routes/verification.routes.ts
FNF:0
FNH:0
DA:1,0
DA:2,0
DA:3,0
DA:10,0
DA:11,0
DA:13,0
DA:16,0
DA:27,0
DA:41,0
DA:58,0
DA:69,0
DA:71,0
LF:12
LH:0
BRF:0
BRH:0
end_of_record
TN:
SF:src/scripts/make-admin.ts
FN:10,(anonymous_1)
FNF:1
FNH:0
FNDA:0,(anonymous_1)
DA:2,0
DA:3,0
DA:4,0
DA:5,0
DA:8,0
DA:10,0
DA:11,0
DA:12,0
DA:13,0
DA:15,0
DA:21,0
DA:22,0
DA:23,0
DA:24,0
DA:25,0
DA:26,0
DA:27,0
DA:29,0
DA:30,0
DA:31,0
DA:32,0
DA:34,0
DA:36,0
DA:37,0
DA:41,0
DA:42,0
DA:43,0
DA:44,0
DA:47,0
LF:29
LH:0
BRDA:21,0,0,0
BRDA:21,0,1,0
BRDA:42,1,0,0
BRDA:42,1,1,0
BRF:4
BRH:0
end_of_record
TN:
SF:src/services/admin.service.ts
FN:11,(anonymous_1)
FN:65,(anonymous_2)
FN:102,(anonymous_3)
FN:123,(anonymous_4)
FN:143,(anonymous_5)
FN:180,(anonymous_6)
FN:208,(anonymous_7)
FN:240,(anonymous_8)
FN:263,(anonymous_9)
FN:267,(anonymous_10)
FN:271,(anonymous_11)
FN:282,(anonymous_12)
FNF:12
FNH:0
FNDA:0,(anonymous_1)
FNDA:0,(anonymous_2)
FNDA:0,(anonymous_3)
FNDA:0,(anonymous_4)
FNDA:0,(anonymous_5)
FNDA:0,(anonymous_6)
FNDA:0,(anonymous_7)
FNDA:0,(anonymous_8)
FNDA:0,(anonymous_9)
FNDA:0,(anonymous_10)
FNDA:0,(anonymous_11)
FNDA:0,(anonymous_12)
DA:1,0
DA:2,0
DA:3,0
DA:27,0
DA:47,0
DA:72,0
DA:73,0
DA:74,0
DA:76,0
DA:77,0
DA:78,0
DA:79,0
DA:80,0
DA:87,0
DA:96,0
DA:103,0
DA:104,0
DA:106,0
DA:107,0
DA:109,0
DA:110,0
DA:112,0
DA:120,0
DA:124,0
DA:126,0
DA:127,0
DA:128,0
DA:130,0
DA:131,0
DA:133,0
DA:140,0
DA:150,0
DA:151,0
DA:152,0
DA:154,0
DA:155,0
DA:156,0
DA:157,0
DA:158,0
DA:164,0
DA:174,0
DA:184,0
DA:185,0
DA:187,0
DA:188,0
DA:189,0
DA:190,0
DA:192,0
DA:194,0
DA:202,0
DA:214,0
DA:215,0
DA:216,0
DA:218,0
DA:219,0
DA:220,0
DA:222,0
DA:234,0
DA:244,0
DA:246,0
DA:260,0
DA:264,0
DA:268,0
DA:272,0
DA:283,0
DA:284,0
DA:285,0
DA:287,0
DA:288,0
DA:290,0
DA:292,0
DA:293,0
DA:294,0
DA:295,0
DA:297,0
DA:304,0
DA:305,0
DA:306,0
DA:307,0
DA:309,0
DA:318,0
DA:322,0
LF:82
LH:0
BRDA:61,0,0,0
BRDA:61,0,1,0
BRDA:72,1,0,0
BRDA:72,1,1,0
BRDA:73,2,0,0
BRDA:73,2,1,0
BRDA:77,3,0,0
BRDA:77,3,1,0
BRDA:78,4,0,0
BRDA:78,4,1,0
BRDA:79,5,0,0
BRDA:79,5,1,0
BRDA:103,6,0,0
BRDA:103,6,1,0
BRDA:104,7,0,0
BRDA:104,7,1,0
BRDA:107,8,0,0
BRDA:107,8,1,0
BRDA:114,9,0,0
BRDA:114,9,1,0
BRDA:124,10,0,0
BRDA:124,10,1,0
BRDA:127,11,0,0
BRDA:127,11,1,0
BRDA:128,12,0,0
BRDA:128,12,1,0
BRDA:134,13,0,0
BRDA:134,13,1,0
BRDA:150,14,0,0
BRDA:150,14,1,0
BRDA:151,15,0,0
BRDA:151,15,1,0
BRDA:155,16,0,0
BRDA:155,16,1,0
BRDA:156,17,0,0
BRDA:156,17,1,0
BRDA:157,18,0,0
BRDA:157,18,1,0
BRDA:185,19,0,0
BRDA:185,19,1,0
BRDA:187,20,0,0
BRDA:187,20,1,0
BRDA:188,21,0,0
BRDA:188,21,1,0
BRDA:189,22,0,0
BRDA:189,22,1,0
BRDA:190,23,0,0
BRDA:190,23,1,0
BRDA:214,24,0,0
BRDA:214,24,1,0
BRDA:215,25,0,0
BRDA:215,25,1,0
BRDA:219,26,0,0
BRDA:219,26,1,0
BRDA:220,27,0,0
BRDA:220,27,1,0
BRDA:244,28,0,0
BRDA:244,28,1,0
BRDA:263,29,0,0
BRDA:267,30,0,0
BRDA:274,31,0,0
BRDA:274,31,1,0
BRDA:275,32,0,0
BRDA:275,32,1,0
BRDA:284,33,0,0
BRDA:284,33,1,0
BRDA:285,34,0,0
BRDA:285,34,1,0
BRDA:305,35,0,0
BRDA:305,35,1,0
BRDA:306,36,0,0
BRDA:306,36,1,0
BRF:72
BRH:0
end_of_record
TN:
SF:src/services/ai.service.ts
FN:9,(anonymous_1)
FN:13,(anonymous_2)
FN:70,(anonymous_3)
FN:77,(anonymous_4)
FNF:4
FNH:0
FNDA:0,(anonymous_1)
FNDA:0,(anonymous_2)
FNDA:0,(anonymous_3)
FNDA:0,(anonymous_4)
DA:1,0
DA:6,0
DA:7,0
DA:10,0
DA:18,0
DA:19,0
DA:20,0
DA:23,0
DA:24,0
DA:42,0
DA:48,0
DA:64,0
DA:66,0
DA:67,0
DA:71,0
DA:72,0
DA:73,0
DA:76,0
DA:77,0
DA:85,0
DA:113,0
DA:133,0
DA:135,0
DA:136,0
DA:137,0
DA:141,0
DA:142,0
DA:144,0
DA:145,0
DA:150,0
LF:30
LH:0
BRDA:10,0,0,0
BRDA:10,0,1,0
BRDA:18,1,0,0
BRDA:18,1,1,0
BRDA:36,2,0,0
BRDA:36,2,1,0
BRDA:66,3,0,0
BRDA:66,3,1,0
BRDA:71,4,0,0
BRDA:71,4,1,0
BRDA:82,5,0,0
BRDA:82,5,1,0
BRDA:136,6,0,0
BRDA:136,6,1,0
BRDA:142,7,0,0
BRDA:142,7,1,0
BRDA:144,8,0,0
BRDA:144,8,1,0
BRF:18
BRH:0
end_of_record
TN:
SF:src/services/auth.service.ts
FN:9,(anonymous_1)
FN:35,(anonymous_2)
FN:49,(anonymous_3)
FN:57,(anonymous_4)
FN:66,(anonymous_5)
FN:70,(anonymous_6)
FN:78,(anonymous_7)
FN:121,(anonymous_8)
FN:149,(anonymous_9)
FN:160,(anonymous_10)
FN:210,(anonymous_11)
FN:254,(anonymous_12)
FN:278,(anonymous_13)
FNF:13
FNH:0
FNDA:0,(anonymous_1)
FNDA:0,(anonymous_2)
FNDA:0,(anonymous_3)
FNDA:0,(anonymous_4)
FNDA:0,(anonymous_5)
FNDA:0,(anonymous_6)
FNDA:0,(anonymous_7)
FNDA:0,(anonymous_8)
FNDA:0,(anonymous_9)
FNDA:0,(anonymous_10)
FNDA:0,(anonymous_11)
FNDA:0,(anonymous_12)
FNDA:0,(anonymous_13)
DA:1,0
DA:2,0
DA:3,0
DA:4,0
DA:5,0
DA:7,0
DA:9,0
DA:36,0
DA:37,0
DA:39,0
DA:40,0
DA:41,0
DA:42,0
DA:43,0
DA:46,0
DA:50,0
DA:58,0
DA:67,0
DA:71,0
DA:72,0
DA:79,0
DA:80,0
DA:81,0
DA:82,0
DA:83,0
DA:86,0
DA:87,0
DA:88,0
DA:91,0
DA:92,0
DA:94,0
DA:113,0
DA:115,0
DA:122,0
DA:123,0
DA:124,0
DA:125,0
DA:126,0
DA:129,0
DA:131,0
DA:132,0
DA:135,0
DA:136,0
DA:141,0
DA:143,0
DA:150,0
DA:151,0
DA:152,0
DA:154,0
DA:161,0
DA:162,0
DA:163,0
DA:167,0
DA:168,0
DA:172,0
DA:173,0
DA:174,0
DA:175,0
DA:176,0
DA:179,0
DA:180,0
DA:183,0
DA:196,0
DA:200,0
DA:201,0
DA:203,0
DA:204,0
DA:206,0
DA:207,0
DA:238,0
DA:244,0
DA:245,0
DA:248,0
DA:259,0
DA:261,0
DA:262,0
DA:266,0
DA:267,0
DA:268,0
DA:272,0
DA:273,0
DA:279,0
DA:280,0
DA:281,0
DA:282,0
DA:283,0
DA:286,0
DA:287,0
DA:289,0
DA:290,0
DA:291,0
DA:293,0
DA:295,0
DA:296,0
DA:297,0
DA:300,0
DA:317,0
DA:319,0
DA:320,0
DA:323,0
DA:324,0
DA:325,0
DA:326,0
DA:328,0
DA:329,0
DA:330,0
DA:333,0
DA:334,0
DA:335,0
DA:336,0
DA:338,0
DA:339,0
DA:340,0
DA:344,0
DA:348,0
DA:349,0
DA:350,0
DA:351,0
DA:352,0
DA:353,0
DA:354,0
DA:355,0
DA:358,0
DA:359,0
DA:363,0
DA:364,0
DA:366,0
DA:370,0
LF:128
LH:0
BRDA:37,0,0,0
BRDA:37,0,1,0
BRDA:40,1,0,0
BRDA:40,1,1,0
BRDA:40,2,0,0
BRDA:40,2,1,0
BRDA:81,3,0,0
BRDA:81,3,1,0
BRDA:82,4,0,0
BRDA:82,4,1,0
BRDA:82,5,0,0
BRDA:82,5,1,0
BRDA:87,6,0,0
BRDA:87,6,1,0
BRDA:91,7,0,0
BRDA:91,7,1,0
BRDA:91,7,2,0
BRDA:92,8,0,0
BRDA:92,8,1,0
BRDA:92,8,2,0
BRDA:96,9,0,0
BRDA:96,9,1,0
BRDA:96,9,2,0
BRDA:98,10,0,0
BRDA:98,10,1,0
BRDA:99,11,0,0
BRDA:99,11,1,0
BRDA:100,12,0,0
BRDA:100,12,1,0
BRDA:101,13,0,0
BRDA:101,13,1,0
BRDA:102,14,0,0
BRDA:102,14,1,0
BRDA:103,15,0,0
BRDA:103,15,1,0
BRDA:104,16,0,0
BRDA:104,16,1,0
BRDA:124,17,0,0
BRDA:124,17,1,0
BRDA:125,18,0,0
BRDA:125,18,1,0
BRDA:125,19,0,0
BRDA:125,19,1,0
BRDA:131,20,0,0
BRDA:131,20,1,0
BRDA:135,21,0,0
BRDA:135,21,1,0
BRDA:151,22,0,0
BRDA:151,22,1,0
BRDA:162,23,0,0
BRDA:162,23,1,0
BRDA:167,24,0,0
BRDA:167,24,1,0
BRDA:167,25,0,0
BRDA:167,25,1,0
BRDA:172,26,0,0
BRDA:172,26,1,0
BRDA:172,27,0,0
BRDA:172,27,1,0
BRDA:173,28,0,0
BRDA:173,28,1,0
BRDA:189,29,0,0
BRDA:189,29,1,0
BRDA:204,30,0,0
BRDA:204,30,1,0
BRDA:244,31,0,0
BRDA:244,31,1,0
BRDA:261,32,0,0
BRDA:261,32,1,0
BRDA:267,33,0,0
BRDA:267,33,1,0
BRDA:281,34,0,0
BRDA:281,34,1,0
BRDA:282,35,0,0
BRDA:282,35,1,0
BRDA:282,36,0,0
BRDA:282,36,1,0
BRDA:289,37,0,0
BRDA:289,37,1,0
BRDA:289,37,2,0
BRDA:290,38,0,0
BRDA:290,38,1,0
BRDA:290,38,2,0
BRDA:291,39,0,0
BRDA:291,39,1,0
BRDA:293,40,0,0
BRDA:293,40,1,0
BRDA:293,41,0,0
BRDA:293,41,1,0
BRDA:295,42,0,0
BRDA:295,42,1,0
BRDA:296,43,0,0
BRDA:296,43,1,0
BRDA:302,44,0,0
BRDA:302,44,1,0
BRDA:304,45,0,0
BRDA:304,45,1,0
BRDA:305,46,0,0
BRDA:305,46,1,0
BRDA:309,47,0,0
BRDA:309,47,1,0
BRDA:310,48,0,0
BRDA:310,48,1,0
BRDA:311,49,0,0
BRDA:311,49,1,0
BRDA:312,50,0,0
BRDA:312,50,1,0
BRDA:313,51,0,0
BRDA:313,51,1,0
BRDA:319,52,0,0
BRDA:319,52,1,0
BRDA:324,53,0,0
BRDA:324,53,1,0
BRDA:325,54,0,0
BRDA:325,54,1,0
BRDA:328,55,0,0
BRDA:328,55,1,0
BRDA:333,56,0,0
BRDA:333,56,1,0
BRDA:338,57,0,0
BRDA:338,57,1,0
BRDA:338,58,0,0
BRDA:338,58,1,0
BRDA:344,59,0,0
BRDA:344,59,1,0
BRDA:344,60,0,0
BRDA:344,60,1,0
BRDA:348,61,0,0
BRDA:348,61,1,0
BRDA:349,62,0,0
BRDA:349,62,1,0
BRDA:350,63,0,0
BRDA:350,63,1,0
BRDA:351,64,0,0
BRDA:351,64,1,0
BRDA:352,65,0,0
BRDA:352,65,1,0
BRDA:353,66,0,0
BRDA:353,66,1,0
BRDA:354,67,0,0
BRDA:354,67,1,0
BRDA:358,68,0,0
BRDA:358,68,1,0
BRDA:364,69,0,0
BRDA:364,69,1,0
BRDA:364,69,2,0
BRDA:364,69,3,0
BRF:147
BRH:0
end_of_record
TN:
SF:src/services/autoPayout.service.ts
FN:5,(anonymous_1)
FN:15,(anonymous_2)
FN:44,(anonymous_3)
FN:126,(anonymous_4)
FNF:4
FNH:0
FNDA:0,(anonymous_1)
FNDA:0,(anonymous_2)
FNDA:0,(anonymous_3)
FNDA:0,(anonymous_4)
DA:1,0
DA:2,0
DA:3,0
DA:6,0
DA:22,0
DA:23,0
DA:26,0
DA:27,0
DA:28,0
DA:29,0
DA:30,0
DA:32,0
DA:35,0
DA:44,0
DA:46,0
DA:47,0
DA:50,0
DA:51,0
DA:52,0
DA:58,0
DA:62,0
DA:66,0
DA:67,0
DA:68,0
DA:69,0
DA:70,0
DA:76,0
DA:79,0
DA:84,0
DA:85,0
DA:86,0
DA:92,0
DA:93,0
DA:101,0
DA:102,0
DA:111,0
DA:119,0
DA:132,0
DA:133,0
DA:134,0
DA:135,0
DA:137,0
DA:138,0
DA:139,0
DA:140,0
DA:141,0
DA:142,0
DA:143,0
DA:144,0
DA:145,0
DA:147,0
DA:150,0
DA:154,0
DA:163,0
LF:54
LH:0
BRDA:22,0,0,0
BRDA:22,0,1,0
BRDA:50,1,0,0
BRDA:50,1,1,0
BRDA:54,2,0,0
BRDA:54,2,1,0
BRDA:67,3,0,0
BRDA:67,3,1,0
BRDA:72,4,0,0
BRDA:72,4,1,0
BRDA:84,5,0,0
BRDA:84,5,1,0
BRDA:84,6,0,0
BRDA:84,6,1,0
BRDA:88,7,0,0
BRDA:88,7,1,0
BRDA:95,8,0,0
BRDA:95,8,1,0
BRDA:104,9,0,0
BRDA:104,9,1,0
BRDA:106,10,0,0
BRDA:106,10,1,0
BRDA:140,11,0,0
BRDA:140,11,1,0
BRDA:143,12,0,0
BRDA:143,12,1,0
BRF:26
BRH:0
end_of_record
TN:
SF:src/services/chat.service.ts
FN:24,(anonymous_1)
FN:91,(anonymous_2)
FN:106,(anonymous_3)
FN:122,(anonymous_4)
FN:135,(anonymous_5)
FN:169,(anonymous_6)
FN:187,(anonymous_7)
FN:216,(anonymous_8)
FN:226,(anonymous_9)
FN:235,(anonymous_10)
FN:243,(anonymous_11)
FN:259,(anonymous_12)
FN:268,(anonymous_13)
FN:296,(anonymous_14)
FN:307,(anonymous_15)
FN:329,(anonymous_16)
FN:335,(anonymous_17)
FN:349,(anonymous_18)
FN:359,(anonymous_19)
FNF:19
FNH:0
FNDA:0,(anonymous_1)
FNDA:0,(anonymous_2)
FNDA:0,(anonymous_3)
FNDA:0,(anonymous_4)
FNDA:0,(anonymous_5)
FNDA:0,(anonymous_6)
FNDA:0,(anonymous_7)
FNDA:0,(anonymous_8)
FNDA:0,(anonymous_9)
FNDA:0,(anonymous_10)
FNDA:0,(anonymous_11)
FNDA:0,(anonymous_12)
FNDA:0,(anonymous_13)
FNDA:0,(anonymous_14)
FNDA:0,(anonymous_15)
FNDA:0,(anonymous_16)
FNDA:0,(anonymous_17)
FNDA:0,(anonymous_18)
FNDA:0,(anonymous_19)
DA:2,0
DA:3,0
DA:4,0
DA:5,0
DA:6,0
DA:7,0
DA:8,0
DA:29,0
DA:30,0
DA:34,0
DA:35,0
DA:36,0
DA:40,0
DA:43,0
DA:48,0
DA:49,0
DA:52,0
DA:55,0
DA:57,0
DA:58,0
DA:64,0
DA:65,0
DA:72,0
DA:73,0
DA:78,0
DA:92,0
DA:105,0
DA:107,0
DA:112,0
DA:116,0
DA:129,0
DA:130,0
DA:131,0
DA:134,0
DA:135,0
DA:137,0
DA:138,0
DA:141,0
DA:142,0
DA:145,0
DA:153,0
DA:155,0
DA:181,0
DA:182,0
DA:183,0
DA:186,0
DA:187,0
DA:189,0
DA:190,0
DA:194,0
DA:206,0
DA:207,0
DA:210,0
DA:213,0
DA:216,0
DA:217,0
DA:220,0
DA:227,0
DA:229,0
DA:230,0
DA:232,0
DA:233,0
DA:235,0
DA:236,0
DA:239,0
DA:242,0
DA:243,0
DA:249,0
DA:255,0
DA:258,0
DA:259,0
DA:260,0
DA:269,0
DA:271,0
DA:301,0
DA:302,0
DA:303,0
DA:306,0
DA:307,0
DA:309,0
DA:310,0
DA:314,0
DA:323,0
DA:331,0
DA:335,0
DA:338,0
DA:353,0
DA:354,0
DA:355,0
DA:358,0
DA:359,0
DA:361,0
DA:362,0
DA:366,0
DA:369,0
DA:373,0
LF:96
LH:0
BRDA:29,0,0,0
BRDA:29,0,1,0
BRDA:35,1,0,0
BRDA:35,1,1,0
BRDA:48,2,0,0
BRDA:48,2,1,0
BRDA:57,3,0,0
BRDA:57,3,1,0
BRDA:60,4,0,0
BRDA:60,4,1,0
BRDA:64,5,0,0
BRDA:64,5,1,0
BRDA:125,6,0,0
BRDA:126,7,0,0
BRDA:130,8,0,0
BRDA:130,8,1,0
BRDA:137,9,0,0
BRDA:137,9,1,0
BRDA:173,10,0,0
BRDA:182,11,0,0
BRDA:182,11,1,0
BRDA:189,12,0,0
BRDA:189,12,1,0
BRDA:201,13,0,0
BRDA:201,13,1,0
BRDA:230,14,0,0
BRDA:230,14,1,0
BRDA:233,15,0,0
BRDA:233,15,1,0
BRDA:236,16,0,0
BRDA:236,16,1,0
BRDA:239,17,0,0
BRDA:239,17,1,0
BRDA:244,18,0,0
BRDA:244,18,1,0
BRDA:258,19,0,0
BRDA:258,19,1,0
BRDA:269,20,0,0
BRDA:269,20,1,0
BRDA:302,21,0,0
BRDA:302,21,1,0
BRDA:309,22,0,0
BRDA:309,22,1,0
BRDA:354,23,0,0
BRDA:354,23,1,0
BRDA:361,24,0,0
BRDA:361,24,1,0
BRF:47
BRH:0
end_of_record
TN:
SF:src/services/email.service.ts
FN:13,(anonymous_1)
FN:18,(anonymous_2)
FN:39,(anonymous_3)
FN:70,(anonymous_4)
FN:110,(anonymous_5)
FN:161,(anonymous_6)
FN:176,(anonymous_7)
FN:202,(anonymous_8)
FN:233,(anonymous_9)
FN:264,(anonymous_10)
FNF:10
FNH:1
FNDA:1,(anonymous_1)
FNDA:0,(anonymous_2)
FNDA:0,(anonymous_3)
FNDA:0,(anonymous_4)
FNDA:0,(anonymous_5)
FNDA:0,(anonymous_6)
FNDA:0,(anonymous_7)
FNDA:0,(anonymous_8)
FNDA:0,(anonymous_9)
FNDA:0,(anonymous_10)
DA:1,1
DA:11,1
DA:15,1
DA:19,0
DA:40,0
DA:71,0
DA:72,0
DA:73,0
DA:75,0
DA:91,0
DA:92,0
DA:93,0
DA:96,0
DA:97,0
DA:99,0
DA:100,0
DA:102,0
DA:104,0
DA:111,0
DA:112,0
DA:114,0
DA:144,0
DA:158,0
DA:162,0
DA:163,0
DA:173,0
DA:177,0
DA:185,0
DA:186,0
DA:199,0
DA:203,0
DA:204,0
DA:229,0
DA:234,0
DA:235,0
DA:237,0
DA:238,0
DA:261,0
DA:265,0
DA:266,0
DA:268,0
DA:269,0
DA:292,0
DA:296,1
LF:44
LH:4
BRDA:15,0,0,1
BRDA:15,0,1,1
BRDA:61,1,0,0
BRDA:61,1,1,0
BRDA:72,2,0,0
BRDA:72,2,1,0
BRDA:91,3,0,0
BRDA:91,3,1,0
BRDA:91,4,0,0
BRDA:91,4,1,0
BRDA:99,5,0,0
BRDA:99,5,1,0
BRDA:110,6,0,0
BRDA:111,7,0,0
BRDA:111,7,1,0
BRDA:112,8,0,0
BRDA:112,8,1,0
BRDA:114,9,0,0
BRDA:114,9,1,0
BRDA:148,10,0,0
BRDA:148,10,1,0
BRDA:192,11,0,0
BRDA:192,11,1,0
BRDA:196,12,0,0
BRDA:196,12,1,0
BRDA:226,13,0,0
BRDA:226,13,1,0
BRDA:251,14,0,0
BRDA:251,14,1,0
BRDA:282,15,0,0
BRDA:282,15,1,0
BRF:31
BRH:2
end_of_record
TN:
SF:src/services/feed.service.ts
FN:10,(anonymous_1)
FN:76,(anonymous_2)
FN:98,(anonymous_3)
FNF:3
FNH:0
FNDA:0,(anonymous_1)
FNDA:0,(anonymous_2)
FNDA:0,(anonymous_3)
DA:1,1
DA:3,1
DA:4,1
DA:11,0
DA:12,0
DA:15,0
DA:16,0
DA:17,0
DA:20,0
DA:21,0
DA:24,0
DA:33,0
DA:46,0
DA:47,0
DA:48,0
DA:59,0
DA:68,0
DA:74,0
DA:75,0
DA:77,0
DA:78,0
DA:79,0
DA:80,0
DA:83,0
DA:110,0
DA:111,0
DA:119,0
DA:124,1
LF:28
LH:4
BRDA:17,0,0,0
BRDA:17,0,1,0
BRDA:47,1,0,0
BRDA:47,1,1,0
BRDA:77,2,0,0
BRDA:77,2,1,0
BRDA:78,3,0,0
BRDA:78,3,1,0
BRF:8
BRH:0
end_of_record
TN:
SF:src/services/growth.service.ts
FN:5,(anonymous_1)
FN:17,(anonymous_2)
FN:17,(anonymous_3)
FN:17,(anonymous_4)
FN:29,(anonymous_5)
FN:30,(anonymous_6)
FN:43,(anonymous_7)
FN:63,(anonymous_8)
FN:67,(anonymous_9)
FN:81,(anonymous_10)
FN:83,(anonymous_11)
FN:84,(anonymous_12)
FN:85,(anonymous_13)
FN:89,(anonymous_14)
FN:93,(anonymous_15)
FN:121,(anonymous_16)
FNF:16
FNH:0
FNDA:0,(anonymous_1)
FNDA:0,(anonymous_2)
FNDA:0,(anonymous_3)
FNDA:0,(anonymous_4)
FNDA:0,(anonymous_5)
FNDA:0,(anonymous_6)
FNDA:0,(anonymous_7)
FNDA:0,(anonymous_8)
FNDA:0,(anonymous_9)
FNDA:0,(anonymous_10)
FNDA:0,(anonymous_11)
FNDA:0,(anonymous_12)
FNDA:0,(anonymous_13)
FNDA:0,(anonymous_14)
FNDA:0,(anonymous_15)
FNDA:0,(anonymous_16)
DA:1,0
DA:2,0
DA:6,0
DA:7,0
DA:9,0
DA:17,0
DA:18,0
DA:19,0
DA:27,0
DA:28,0
DA:29,0
DA:30,0
DA:31,0
DA:33,0
DA:44,0
DA:45,0
DA:47,0
DA:60,0
DA:64,0
DA:68,0
DA:69,0
DA:71,0
DA:78,0
DA:82,0
DA:83,0
DA:84,0
DA:85,0
DA:86,0
DA:90,0
DA:94,0
DA:102,0
DA:110,0
DA:111,0
DA:112,0
DA:113,0
DA:114,0
DA:115,0
DA:118,0
DA:122,0
DA:130,0
DA:135,0
DA:147,0
LF:42
LH:0
BRDA:7,0,0,0
BRDA:7,0,1,0
BRDA:18,1,0,0
BRDA:18,1,1,0
BRDA:28,2,0,0
BRDA:28,2,1,0
BRDA:38,3,0,0
BRDA:38,3,1,0
BRDA:38,4,0,0
BRDA:38,4,1,0
BRDA:44,5,0,0
BRDA:44,5,1,0
BRDA:44,6,0,0
BRDA:44,6,1,0
BRDA:44,6,2,0
BRDA:50,7,0,0
BRDA:50,7,1,0
BRDA:52,8,0,0
BRDA:52,8,1,0
BRDA:53,9,0,0
BRDA:53,9,1,0
BRDA:68,10,0,0
BRDA:68,10,1,0
BRDA:68,11,0,0
BRDA:68,11,1,0
BRDA:68,11,2,0
BRDA:83,12,0,0
BRDA:83,12,1,0
BRDA:106,13,0,0
BRDA:106,13,1,0
BRDA:107,14,0,0
BRDA:107,14,1,0
BRDA:112,15,0,0
BRDA:112,15,1,0
BRDA:113,16,0,0
BRDA:113,16,1,0
BRDA:114,17,0,0
BRDA:114,17,1,0
BRDA:115,18,0,0
BRDA:115,18,1,0
BRF:40
BRH:0
end_of_record
TN:
SF:src/services/notification.service.ts
FN:20,(anonymous_1)
FN:44,(anonymous_2)
FN:69,(anonymous_3)
FN:79,(anonymous_4)
FN:90,(anonymous_5)
FN:137,(anonymous_6)
FN:151,(anonymous_7)
FN:175,(anonymous_8)
FN:182,(anonymous_9)
FN:195,(anonymous_10)
FN:206,(anonymous_11)
FN:217,(anonymous_12)
FN:264,(anonymous_13)
FN:295,(anonymous_14)
FN:306,(anonymous_15)
FN:317,(anonymous_16)
FN:318,(anonymous_17)
FN:331,(anonymous_18)
FN:332,(anonymous_19)
FN:345,(anonymous_20)
FN:346,(anonymous_21)
FN:359,(anonymous_22)
FN:360,(anonymous_23)
FN:373,(anonymous_24)
FN:383,(anonymous_25)
FNF:25
FNH:0
FNDA:0,(anonymous_1)
FNDA:0,(anonymous_2)
FNDA:0,(anonymous_3)
FNDA:0,(anonymous_4)
FNDA:0,(anonymous_5)
FNDA:0,(anonymous_6)
FNDA:0,(anonymous_7)
FNDA:0,(anonymous_8)
FNDA:0,(anonymous_9)
FNDA:0,(anonymous_10)
FNDA:0,(anonymous_11)
FNDA:0,(anonymous_12)
FNDA:0,(anonymous_13)
FNDA:0,(anonymous_14)
FNDA:0,(anonymous_15)
FNDA:0,(anonymous_16)
FNDA:0,(anonymous_17)
FNDA:0,(anonymous_18)
FNDA:0,(anonymous_19)
FNDA:0,(anonymous_20)
FNDA:0,(anonymous_21)
FNDA:0,(anonymous_22)
FNDA:0,(anonymous_23)
FNDA:0,(anonymous_24)
FNDA:0,(anonymous_25)
DA:1,1
DA:2,1
DA:3,1
DA:4,1
DA:5,1
DA:6,1
DA:7,1
DA:9,1
DA:11,1
DA:12,0
DA:21,0
DA:52,0
DA:62,0
DA:70,0
DA:73,0
DA:80,0
DA:82,0
DA:83,0
DA:84,0
DA:85,0
DA:90,0
DA:91,0
DA:92,0
DA:93,0
DA:94,0
DA:96,0
DA:98,0
DA:101,0
DA:102,0
DA:106,0
DA:109,0
DA:112,0
DA:114,0
DA:115,0
DA:120,0
DA:122,0
DA:126,0
DA:131,0
DA:133,0
DA:138,0
DA:156,0
DA:157,0
DA:158,0
DA:160,0
DA:165,0
DA:176,0
DA:183,0
DA:188,0
DA:189,0
DA:196,0
DA:200,0
DA:207,0
DA:211,0
DA:224,0
DA:225,0
DA:228,0
DA:244,0
DA:245,0
DA:246,0
DA:247,0
DA:257,0
DA:271,0
DA:272,0
DA:275,0
DA:296,0
DA:307,0
DA:318,0
DA:319,0
DA:321,0
DA:332,0
DA:333,0
DA:335,0
DA:346,0
DA:347,0
DA:349,0
DA:360,0
DA:361,0
DA:363,0
DA:374,0
DA:384,0
DA:394,1
LF:81
LH:10
BRDA:11,0,0,0
BRDA:11,0,1,1
BRDA:11,1,0,1
BRDA:11,1,1,0
BRDA:13,2,0,0
BRDA:13,2,1,0
BRDA:28,3,0,0
BRDA:28,3,1,0
BRDA:28,4,0,0
BRDA:28,4,1,0
BRDA:65,5,0,0
BRDA:65,5,1,0
BRDA:68,6,0,0
BRDA:68,6,1,0
BRDA:80,7,0,0
BRDA:80,7,1,0
BRDA:84,8,0,0
BRDA:84,8,1,0
BRDA:84,9,0,0
BRDA:84,9,1,0
BRDA:84,9,2,0
BRDA:91,10,0,0
BRDA:91,10,1,0
BRDA:91,11,0,0
BRDA:91,11,1,0
BRDA:92,12,0,0
BRDA:92,12,1,0
BRDA:98,13,0,0
BRDA:98,13,1,0
BRDA:101,14,0,0
BRDA:101,14,1,0
BRDA:106,15,0,0
BRDA:106,15,1,0
BRDA:112,16,0,0
BRDA:112,16,1,0
BRDA:112,17,0,0
BRDA:112,17,1,0
BRDA:120,18,0,0
BRDA:120,18,1,0
BRDA:120,19,0,0
BRDA:120,19,1,0
BRDA:153,20,0,0
BRDA:154,21,0,0
BRDA:188,22,0,0
BRDA:188,22,1,0
BRDA:211,23,0,0
BRDA:211,23,1,0
BRDA:246,24,0,0
BRDA:246,24,1,0
BRDA:246,25,0,0
BRDA:246,25,1,0
BRDA:319,26,0,0
BRDA:319,26,1,0
BRDA:333,27,0,0
BRDA:333,27,1,0
BRDA:347,28,0,0
BRDA:347,28,1,0
BRDA:361,29,0,0
BRDA:361,29,1,0
BRDA:367,30,0,0
BRDA:367,30,1,0
BRF:61
BRH:2
end_of_record
TN:
SF:src/services/offer.service.ts
FN:10,(anonymous_1)
FN:62,(anonymous_2)
FNF:2
FNH:0
FNDA:0,(anonymous_1)
FNDA:0,(anonymous_2)
DA:1,0
DA:2,0
DA:3,0
DA:4,0
DA:15,0
DA:16,0
DA:18,0
DA:19,0
DA:22,0
DA:23,0
DA:27,0
DA:32,0
DA:33,0
DA:34,0
DA:35,0
DA:38,0
DA:47,0
DA:56,0
DA:67,0
DA:68,0
DA:70,0
DA:71,0
DA:74,0
DA:75,0
DA:78,0
DA:79,0
DA:82,0
DA:83,0
DA:94,0
DA:98,0
LF:30
LH:0
BRDA:16,0,0,0
BRDA:16,0,1,0
BRDA:18,1,0,0
BRDA:18,1,1,0
BRDA:22,2,0,0
BRDA:22,2,1,0
BRDA:32,3,0,0
BRDA:32,3,1,0
BRDA:68,4,0,0
BRDA:68,4,1,0
BRDA:70,5,0,0
BRDA:70,5,1,0
BRDA:74,6,0,0
BRDA:74,6,1,0
BRDA:78,7,0,0
BRDA:78,7,1,0
BRDA:85,8,0,0
BRDA:85,8,1,0
BRDA:86,9,0,0
BRDA:86,9,1,0
BRDA:87,10,0,0
BRDA:87,10,1,0
BRDA:90,11,0,0
BRDA:90,11,1,0
BRF:24
BRH:0
end_of_record
TN:
SF:src/services/order.service.ts
FN:38,(anonymous_1)
FN:46,(anonymous_2)
FN:55,(anonymous_3)
FN:103,(anonymous_4)
FN:107,(anonymous_5)
FN:108,(anonymous_6)
FN:114,(anonymous_7)
FN:183,(anonymous_8)
FN:194,(anonymous_9)
FN:239,(anonymous_10)
FN:274,(anonymous_11)
FN:309,(anonymous_12)
FN:344,(anonymous_13)
FN:396,(anonymous_14)
FN:420,(anonymous_15)
FN:472,(anonymous_16)
FN:485,(anonymous_17)
FN:499,(anonymous_18)
FN:512,(anonymous_19)
FN:554,(anonymous_20)
FN:587,(anonymous_21)
FN:592,(anonymous_22)
FN:596,(anonymous_23)
FN:636,(anonymous_24)
FN:648,(anonymous_25)
FN:663,(anonymous_26)
FN:669,(anonymous_27)
FNF:27
FNH:2
FNDA:0,(anonymous_1)
FNDA:0,(anonymous_2)
FNDA:0,(anonymous_3)
FNDA:0,(anonymous_4)
FNDA:0,(anonymous_5)
FNDA:0,(anonymous_6)
FNDA:0,(anonymous_7)
FNDA:0,(anonymous_8)
FNDA:9,(anonymous_9)
FNDA:3,(anonymous_10)
FNDA:0,(anonymous_11)
FNDA:0,(anonymous_12)
FNDA:0,(anonymous_13)
FNDA:0,(anonymous_14)
FNDA:0,(anonymous_15)
FNDA:0,(anonymous_16)
FNDA:0,(anonymous_17)
FNDA:0,(anonymous_18)
FNDA:0,(anonymous_19)
FNDA:0,(anonymous_20)
FNDA:0,(anonymous_21)
FNDA:0,(anonymous_22)
FNDA:0,(anonymous_23)
FNDA:0,(anonymous_24)
FNDA:0,(anonymous_25)
FNDA:0,(anonymous_26)
FNDA:0,(anonymous_27)
DA:1,1
DA:2,1
DA:3,1
DA:4,1
DA:5,1
DA:6,1
DA:7,1
DA:8,1
DA:39,0
DA:41,0
DA:42,0
DA:46,0
DA:47,0
DA:52,0
DA:54,0
DA:55,0
DA:56,0
DA:57,0
DA:59,0
DA:60,0
DA:61,0
DA:63,0
DA:64,0
DA:67,0
DA:70,0
DA:71,0
DA:72,0
DA:74,0
DA:75,0
DA:76,0
DA:80,0
DA:81,0
DA:90,0
DA:91,0
DA:92,0
DA:94,0
DA:97,0
DA:98,0
DA:99,0
DA:102,0
DA:103,0
DA:105,0
DA:107,0
DA:108,0
DA:110,0
DA:112,0
DA:113,0
DA:114,0
DA:115,0
DA:116,0
DA:119,0
DA:120,0
DA:124,0
DA:125,0
DA:126,0
DA:129,0
DA:130,0
DA:136,0
DA:137,0
DA:138,0
DA:139,0
DA:140,0
DA:142,0
DA:143,0
DA:144,0
DA:145,0
DA:147,0
DA:149,0
DA:150,0
DA:151,0
DA:152,0
DA:157,0
DA:172,0
DA:179,0
DA:184,0
DA:188,0
DA:195,9
DA:196,9
DA:198,7
DA:199,2
DA:202,5
DA:203,2
DA:206,3
DA:207,2
DA:210,1
DA:211,1
DA:212,1
DA:213,1
DA:216,1
DA:217,1
DA:220,1
DA:229,1
DA:240,3
DA:246,3
DA:247,0
DA:251,3
DA:252,3
DA:254,3
DA:259,1
DA:263,2
DA:264,2
DA:265,1
DA:268,2
DA:280,0
DA:281,0
DA:283,0
DA:284,0
DA:286,0
DA:295,0
DA:315,0
DA:316,0
DA:318,0
DA:319,0
DA:321,0
DA:330,0
DA:350,0
DA:351,0
DA:353,0
DA:354,0
DA:357,0
DA:358,0
DA:362,0
DA:368,0
DA:369,0
DA:370,0
DA:375,0
DA:377,0
DA:378,0
DA:380,0
DA:381,0
DA:385,0
DA:387,0
DA:396,0
DA:399,0
DA:400,0
DA:402,0
DA:403,0
DA:407,0
DA:409,0
DA:425,0
DA:426,0
DA:428,0
DA:429,0
DA:431,0
DA:432,0
DA:434,0
DA:435,0
DA:440,0
DA:441,0
DA:443,0
DA:444,0
DA:446,0
DA:447,0
DA:450,0
DA:451,0
DA:452,0
DA:455,0
DA:456,0
DA:459,0
DA:461,0
DA:473,0
DA:478,0
DA:485,0
DA:486,0
DA:487,0
DA:488,0
DA:489,0
DA:491,0
DA:492,0
DA:496,0
DA:500,0
DA:501,0
DA:516,0
DA:518,0
DA:519,0
DA:520,0
DA:521,0
DA:532,0
DA:537,0
DA:538,0
DA:548,0
DA:566,0
DA:579,0
DA:580,0
DA:587,0
DA:589,0
DA:593,0
DA:597,0
DA:603,0
DA:604,0
DA:607,0
DA:608,0
DA:609,0
DA:611,0
DA:612,0
DA:614,0
DA:615,0
DA:617,0
DA:618,0
DA:621,0
DA:622,0
DA:623,0
DA:625,0
DA:628,0
DA:637,0
DA:638,0
DA:656,0
DA:657,0
DA:658,0
DA:660,0
DA:663,0
DA:670,0
DA:676,1
LF:213
LH:35
BRDA:41,0,0,0
BRDA:41,0,1,0
BRDA:41,1,0,0
BRDA:41,1,1,0
BRDA:56,2,0,0
BRDA:56,2,1,0
BRDA:57,3,0,0
BRDA:57,3,1,0
BRDA:61,4,0,0
BRDA:61,4,1,0
BRDA:63,5,0,0
BRDA:63,5,1,0
BRDA:76,6,0,0
BRDA:76,6,1,0
BRDA:76,7,0,0
BRDA:76,7,1,0
BRDA:76,7,2,0
BRDA:91,8,0,0
BRDA:91,8,1,0
BRDA:97,9,0,0
BRDA:97,9,1,0
BRDA:110,10,0,0
BRDA:110,10,1,0
BRDA:115,11,0,0
BRDA:115,11,1,0
BRDA:129,12,0,0
BRDA:129,12,1,0
BRDA:136,13,0,0
BRDA:136,13,1,0
BRDA:138,14,0,0
BRDA:138,14,1,0
BRDA:139,15,0,0
BRDA:139,15,1,0
BRDA:140,16,0,0
BRDA:140,16,1,0
BRDA:142,17,0,0
BRDA:142,17,1,0
BRDA:142,18,0,0
BRDA:142,18,1,0
BRDA:142,18,2,0
BRDA:142,18,3,0
BRDA:144,19,0,0
BRDA:144,19,1,0
BRDA:164,20,0,0
BRDA:164,20,1,0
BRDA:165,21,0,0
BRDA:165,21,1,0
BRDA:169,22,0,0
BRDA:169,22,1,0
BRDA:185,23,0,0
BRDA:185,23,1,0
BRDA:196,24,0,2
BRDA:196,24,1,7
BRDA:198,25,0,2
BRDA:198,25,1,5
BRDA:202,26,0,2
BRDA:202,26,1,3
BRDA:206,27,0,2
BRDA:206,27,1,1
BRDA:239,28,0,3
BRDA:246,29,0,0
BRDA:246,29,1,3
BRDA:254,30,0,1
BRDA:254,30,1,2
BRDA:255,31,0,3
BRDA:255,31,1,3
BRDA:255,31,2,2
BRDA:264,32,0,1
BRDA:264,32,1,1
BRDA:264,33,0,2
BRDA:264,33,1,1
BRDA:264,33,2,1
BRDA:277,34,0,0
BRDA:278,35,0,0
BRDA:281,36,0,0
BRDA:281,36,1,0
BRDA:312,37,0,0
BRDA:313,38,0,0
BRDA:316,39,0,0
BRDA:316,39,1,0
BRDA:348,40,0,0
BRDA:351,41,0,0
BRDA:351,41,1,0
BRDA:357,42,0,0
BRDA:357,42,1,0
BRDA:357,43,0,0
BRDA:357,43,1,0
BRDA:368,44,0,0
BRDA:368,44,1,0
BRDA:369,45,0,0
BRDA:369,45,1,0
BRDA:377,46,0,0
BRDA:377,46,1,0
BRDA:392,47,0,0
BRDA:392,47,1,0
BRDA:393,48,0,0
BRDA:393,48,1,0
BRDA:399,49,0,0
BRDA:399,49,1,0
BRDA:426,50,0,0
BRDA:426,50,1,0
BRDA:434,51,0,0
BRDA:434,51,1,0
BRDA:434,52,0,0
BRDA:434,52,1,0
BRDA:443,53,0,0
BRDA:443,53,1,0
BRDA:443,54,0,0
BRDA:443,54,1,0
BRDA:446,55,0,0
BRDA:446,55,1,0
BRDA:446,56,0,0
BRDA:446,56,1,0
BRDA:451,57,0,0
BRDA:451,57,1,0
BRDA:487,58,0,0
BRDA:487,58,1,0
BRDA:491,59,0,0
BRDA:491,59,1,0
BRDA:499,60,0,0
BRDA:520,61,0,0
BRDA:520,61,1,0
BRDA:571,62,0,0
BRDA:571,62,1,0
BRDA:572,63,0,0
BRDA:572,63,1,0
BRDA:573,64,0,0
BRDA:573,64,1,0
BRDA:574,65,0,0
BRDA:574,65,1,0
BRDA:584,66,0,0
BRDA:584,66,1,0
BRDA:603,67,0,0
BRDA:603,67,1,0
BRDA:608,68,0,0
BRDA:608,68,1,0
BRDA:608,69,0,0
BRDA:608,69,1,0
BRDA:611,70,0,0
BRDA:611,70,1,0
BRDA:611,71,0,0
BRDA:611,71,1,0
BRDA:614,72,0,0
BRDA:614,72,1,0
BRDA:614,73,0,0
BRDA:614,73,1,0
BRDA:617,74,0,0
BRDA:617,74,1,0
BRDA:622,75,0,0
BRDA:622,75,1,0
BRDA:657,76,0,0
BRDA:657,76,1,0
BRF:152
BRH:20
end_of_record
TN:
SF:src/services/payment.service.ts
FN:18,(anonymous_1)
FN:53,(anonymous_2)
FN:98,(anonymous_3)
FN:166,(anonymous_4)
FN:184,(anonymous_5)
FN:223,(anonymous_6)
FN:243,(anonymous_7)
FNF:7
FNH:0
FNDA:0,(anonymous_1)
FNDA:0,(anonymous_2)
FNDA:0,(anonymous_3)
FNDA:0,(anonymous_4)
FNDA:0,(anonymous_5)
FNDA:0,(anonymous_6)
FNDA:0,(anonymous_7)
DA:1,0
DA:2,0
DA:3,0
DA:4,0
DA:5,0
DA:11,0
DA:12,0
DA:24,0
DA:27,0
DA:28,0
DA:31,0
DA:32,0
DA:33,0
DA:34,0
DA:36,0
DA:37,0
DA:39,0
DA:43,0
DA:44,0
DA:47,0
DA:48,0
DA:51,0
DA:53,0
DA:62,0
DA:68,0
DA:69,0
DA:82,0
DA:87,0
DA:88,0
DA:89,0
DA:104,0
DA:105,0
DA:108,0
DA:109,0
DA:114,0
DA:118,0
DA:119,0
DA:121,0
DA:123,0
DA:125,0
DA:126,0
DA:127,0
DA:128,0
DA:129,0
DA:132,0
DA:133,0
DA:134,0
DA:137,0
DA:141,0
DA:147,0
DA:153,0
DA:154,0
DA:155,0
DA:163,0
DA:166,0
DA:169,0
DA:171,0
DA:172,0
DA:173,0
DA:176,0
DA:177,0
DA:185,0
DA:186,0
DA:187,0
DA:189,0
DA:190,0
DA:192,0
DA:194,0
DA:195,0
DA:196,0
DA:197,0
DA:200,0
DA:204,0
DA:209,0
DA:211,0
DA:212,0
DA:213,0
DA:220,0
DA:223,0
DA:227,0
DA:228,0
DA:229,0
DA:231,0
DA:232,0
DA:234,0
DA:235,0
DA:236,0
DA:244,0
DA:245,0
DA:246,0
DA:250,0
LF:91
LH:0
BRDA:24,0,0,0
BRDA:24,0,1,0
BRDA:28,1,0,0
BRDA:28,1,1,0
BRDA:33,2,0,0
BRDA:33,2,1,0
BRDA:36,3,0,0
BRDA:36,3,1,0
BRDA:44,4,0,0
BRDA:44,4,1,0
BRDA:90,5,0,0
BRDA:90,5,1,0
BRDA:105,6,0,0
BRDA:105,6,1,0
BRDA:108,7,0,0
BRDA:108,7,1,0
BRDA:123,8,0,0
BRDA:123,8,1,0
BRDA:126,9,0,0
BRDA:126,9,1,0
BRDA:137,10,0,0
BRDA:137,10,1,0
BRDA:137,11,0,0
BRDA:137,11,1,0
BRDA:154,12,0,0
BRDA:154,12,1,0
BRDA:154,13,0,0
BRDA:154,13,1,0
BRDA:176,14,0,0
BRDA:176,14,1,0
BRDA:185,15,0,0
BRDA:185,15,1,0
BRDA:187,16,0,0
BRDA:187,16,1,0
BRDA:190,17,0,0
BRDA:190,17,1,0
BRDA:192,18,0,0
BRDA:192,18,1,0
BRDA:200,19,0,0
BRDA:200,19,1,0
BRDA:200,20,0,0
BRDA:200,20,1,0
BRDA:212,21,0,0
BRDA:212,21,1,0
BRDA:212,22,0,0
BRDA:212,22,1,0
BRDA:227,23,0,0
BRDA:227,23,1,0
BRDA:229,24,0,0
BRDA:229,24,1,0
BRDA:232,25,0,0
BRDA:232,25,1,0
BRDA:245,26,0,0
BRDA:245,26,1,0
BRF:54
BRH:0
end_of_record
TN:
SF:src/services/payout.service.ts
FN:14,(anonymous_1)
FN:21,(anonymous_2)
FN:54,(anonymous_3)
FN:138,(anonymous_4)
FN:166,(anonymous_5)
FN:197,(anonymous_6)
FN:237,(anonymous_7)
FNF:7
FNH:0
FNDA:0,(anonymous_1)
FNDA:0,(anonymous_2)
FNDA:0,(anonymous_3)
FNDA:0,(anonymous_4)
FNDA:0,(anonymous_5)
FNDA:0,(anonymous_6)
FNDA:0,(anonymous_7)
DA:1,0
DA:3,0
DA:4,0
DA:5,0
DA:6,0
DA:7,0
DA:15,0
DA:22,0
DA:23,0
DA:25,0
DA:26,0
DA:29,0
DA:30,0
DA:32,0
DA:33,0
DA:35,0
DA:47,0
DA:55,0
DA:56,0
DA:58,0
DA:59,0
DA:62,0
DA:63,0
DA:64,0
DA:67,0
DA:68,0
DA:69,0
DA:70,0
DA:72,0
DA:73,0
DA:76,0
DA:77,0
DA:79,0
DA:80,0
DA:82,0
DA:87,0
DA:90,0
DA:92,0
DA:94,0
DA:101,0
DA:102,0
DA:103,0
DA:104,0
DA:105,0
DA:108,0
DA:115,0
DA:116,0
DA:117,0
DA:120,0
DA:121,0
DA:122,0
DA:123,0
DA:126,0
DA:128,0
DA:129,0
DA:130,0
DA:131,0
DA:139,0
DA:140,0
DA:142,0
DA:143,0
DA:146,0
DA:147,0
DA:148,0
DA:149,0
DA:150,0
DA:151,0
DA:152,0
DA:153,0
DA:154,0
DA:155,0
DA:157,0
DA:159,0
DA:172,0
DA:173,0
DA:174,0
DA:176,0
DA:177,0
DA:179,0
DA:180,0
DA:182,0
DA:191,0
DA:205,0
DA:222,0
DA:224,0
DA:241,0
DA:245,0
LF:87
LH:0
BRDA:15,0,0,0
BRDA:15,0,1,0
BRDA:23,1,0,0
BRDA:23,1,1,0
BRDA:26,2,0,0
BRDA:26,2,1,0
BRDA:30,3,0,0
BRDA:30,3,1,0
BRDA:56,4,0,0
BRDA:56,4,1,0
BRDA:58,5,0,0
BRDA:58,5,1,0
BRDA:63,6,0,0
BRDA:63,6,1,0
BRDA:72,7,0,0
BRDA:72,7,1,0
BRDA:72,8,0,0
BRDA:72,8,1,0
BRDA:72,8,2,0
BRDA:79,9,0,0
BRDA:79,9,1,0
BRDA:87,10,0,0
BRDA:87,10,1,0
BRDA:120,11,0,0
BRDA:120,11,1,0
BRDA:129,12,0,0
BRDA:129,12,1,0
BRDA:140,13,0,0
BRDA:140,13,1,0
BRDA:142,14,0,0
BRDA:142,14,1,0
BRDA:148,15,0,0
BRDA:148,15,1,0
BRDA:152,16,0,0
BRDA:152,16,1,0
BRDA:172,17,0,0
BRDA:172,17,1,0
BRDA:173,18,0,0
BRDA:173,18,1,0
BRDA:176,19,0,0
BRDA:176,19,1,0
BRDA:177,20,0,0
BRDA:177,20,1,0
BRDA:222,21,0,0
BRDA:222,21,1,0
BRF:45
BRH:0
end_of_record
TN:
SF:src/services/payoutScheduler.ts
FN:10,startPayoutScheduler
FN:26,stopPayoutScheduler
FN:38,runPayoutCycle
FNF:3
FNH:0
FNDA:0,startPayoutScheduler
FNDA:0,stopPayoutScheduler
FNDA:0,runPayoutCycle
DA:1,0
DA:3,0
DA:4,0
DA:10,0
DA:11,0
DA:12,0
DA:14,0
DA:17,0
DA:20,0
DA:26,0
DA:27,0
DA:28,0
DA:29,0
DA:31,0
DA:32,0
DA:39,0
DA:40,0
DA:43,0
DA:44,0
DA:45,0
DA:52,0
DA:53,0
DA:54,0
DA:60,0
LF:24
LH:0
BRDA:10,0,0,0
BRDA:11,1,0,0
BRDA:11,1,1,0
BRDA:27,2,0,0
BRDA:27,2,1,0
BRDA:44,3,0,0
BRDA:44,3,1,0
BRDA:53,4,0,0
BRDA:53,4,1,0
BRF:9
BRH:0
end_of_record
TN:
SF:src/services/product.service.ts
FN:39,(anonymous_10)
FN:40,(anonymous_11)
FN:50,(anonymous_12)
FN:80,(anonymous_13)
FN:127,(anonymous_14)
FN:128,(anonymous_15)
FN:135,(anonymous_16)
FN:143,(anonymous_17)
FN:144,(anonymous_18)
FN:181,(anonymous_19)
FN:206,(anonymous_20)
FN:325,(anonymous_21)
FN:352,(anonymous_22)
FN:419,(anonymous_23)
FN:420,(anonymous_24)
FN:454,(anonymous_25)
FN:476,(anonymous_26)
FN:496,(anonymous_27)
FN:505,(anonymous_28)
FN:509,(anonymous_29)
FN:523,(anonymous_30)
FN:544,(anonymous_31)
FN:554,(anonymous_32)
FN:568,(anonymous_33)
FN:588,(anonymous_34)
FN:607,(anonymous_35)
FN:644,(anonymous_36)
FN:655,(anonymous_37)
FN:675,(anonymous_38)
FN:687,(anonymous_39)
FN:693,(anonymous_40)
FN:704,(anonymous_41)
FN:715,(anonymous_42)
FN:734,(anonymous_43)
FN:765,(anonymous_44)
FN:766,(anonymous_45)
FN:790,(anonymous_46)
FN:813,(anonymous_47)
FN:813,(anonymous_48)
FN:830,(anonymous_49)
FN:855,(anonymous_50)
FN:863,(anonymous_51)
FN:874,(anonymous_52)
FN:891,(anonymous_53)
FN:893,(anonymous_54)
FN:895,(anonymous_55)
FN:903,(anonymous_56)
FN:914,(anonymous_57)
FN:916,(anonymous_58)
FN:921,(anonymous_59)
FN:927,(anonymous_60)
FN:946,(anonymous_61)
FN:954,(anonymous_62)
FN:982,(anonymous_63)
FN:992,(anonymous_64)
FN:1029,(anonymous_65)
FN:1031,(anonymous_66)
FN:1061,(anonymous_67)
FN:1090,(anonymous_68)
FN:1116,(anonymous_69)
FNF:60
FNH:0
FNDA:0,(anonymous_10)
FNDA:0,(anonymous_11)
FNDA:0,(anonymous_12)
FNDA:0,(anonymous_13)
FNDA:0,(anonymous_14)
FNDA:0,(anonymous_15)
FNDA:0,(anonymous_16)
FNDA:0,(anonymous_17)
FNDA:0,(anonymous_18)
FNDA:0,(anonymous_19)
FNDA:0,(anonymous_20)
FNDA:0,(anonymous_21)
FNDA:0,(anonymous_22)
FNDA:0,(anonymous_23)
FNDA:0,(anonymous_24)
FNDA:0,(anonymous_25)
FNDA:0,(anonymous_26)
FNDA:0,(anonymous_27)
FNDA:0,(anonymous_28)
FNDA:0,(anonymous_29)
FNDA:0,(anonymous_30)
FNDA:0,(anonymous_31)
FNDA:0,(anonymous_32)
FNDA:0,(anonymous_33)
FNDA:0,(anonymous_34)
FNDA:0,(anonymous_35)
FNDA:0,(anonymous_36)
FNDA:0,(anonymous_37)
FNDA:0,(anonymous_38)
FNDA:0,(anonymous_39)
FNDA:0,(anonymous_40)
FNDA:0,(anonymous_41)
FNDA:0,(anonymous_42)
FNDA:0,(anonymous_43)
FNDA:0,(anonymous_44)
FNDA:0,(anonymous_45)
FNDA:0,(anonymous_46)
FNDA:0,(anonymous_47)
FNDA:0,(anonymous_48)
FNDA:0,(anonymous_49)
FNDA:0,(anonymous_50)
FNDA:0,(anonymous_51)
FNDA:0,(anonymous_52)
FNDA:0,(anonymous_53)
FNDA:0,(anonymous_54)
FNDA:0,(anonymous_55)
FNDA:0,(anonymous_56)
FNDA:0,(anonymous_57)
FNDA:0,(anonymous_58)
FNDA:0,(anonymous_59)
FNDA:0,(anonymous_60)
FNDA:0,(anonymous_61)
FNDA:0,(anonymous_62)
FNDA:0,(anonymous_63)
FNDA:0,(anonymous_64)
FNDA:0,(anonymous_65)
FNDA:0,(anonymous_66)
FNDA:0,(anonymous_67)
FNDA:0,(anonymous_68)
FNDA:0,(anonymous_69)
DA:1,0
DA:2,0
DA:3,0
DA:4,0
DA:5,0
DA:6,0
DA:7,0
DA:11,0
DA:41,0
DA:44,0
DA:45,0
DA:46,0
DA:50,0
DA:51,0
DA:53,0
DA:54,0
DA:55,0
DA:63,0
DA:64,0
DA:71,0
DA:74,0
DA:103,0
DA:106,0
DA:107,0
DA:108,0
DA:110,0
DA:111,0
DA:115,0
DA:118,0
DA:119,0
DA:122,0
DA:123,0
DA:124,0
DA:127,0
DA:128,0
DA:130,0
DA:131,0
DA:134,0
DA:135,0
DA:136,0
DA:141,0
DA:143,0
DA:144,0
DA:148,0
DA:169,0
DA:172,0
DA:182,0
DA:183,0
DA:184,0
DA:187,0
DA:190,0
DA:191,0
DA:195,0
DA:196,0
DA:198,0
DA:202,0
DA:203,0
DA:204,0
DA:205,0
DA:206,0
DA:207,0
DA:213,0
DA:218,0
DA:220,0
DA:221,0
DA:223,0
DA:224,0
DA:225,0
DA:231,0
DA:232,0
DA:236,0
DA:237,0
DA:241,0
DA:242,0
DA:246,0
DA:247,0
DA:248,0
DA:249,0
DA:251,0
DA:252,0
DA:257,0
DA:258,0
DA:262,0
DA:263,0
DA:267,0
DA:268,0
DA:272,0
DA:273,0
DA:274,0
DA:276,0
DA:277,0
DA:279,0
DA:280,0
DA:282,0
DA:283,0
DA:285,0
DA:286,0
DA:288,0
DA:289,0
DA:291,0
DA:296,0
DA:297,0
DA:300,0
DA:311,0
DA:329,0
DA:330,0
DA:333,0
DA:337,0
DA:338,0
DA:342,0
DA:343,0
DA:346,0
DA:376,0
DA:378,0
DA:379,0
DA:382,0
DA:385,0
DA:386,0
DA:388,0
DA:389,0
DA:393,0
DA:394,0
DA:395,0
DA:396,0
DA:397,0
DA:402,0
DA:403,0
DA:404,0
DA:405,0
DA:409,0
DA:410,0
DA:412,0
DA:413,0
DA:417,0
DA:418,0
DA:419,0
DA:420,0
DA:425,0
DA:443,0
DA:444,0
DA:445,0
DA:449,0
DA:451,0
DA:452,0
DA:453,0
DA:455,0
DA:467,0
DA:482,0
DA:484,0
DA:485,0
DA:488,0
DA:489,0
DA:491,0
DA:492,0
DA:496,0
DA:497,0
DA:500,0
DA:501,0
DA:505,0
DA:508,0
DA:509,0
DA:512,0
DA:514,0
DA:528,0
DA:530,0
DA:531,0
DA:534,0
DA:535,0
DA:537,0
DA:538,0
DA:542,0
DA:543,0
DA:544,0
DA:548,0
DA:558,0
DA:572,0
DA:574,0
DA:575,0
DA:578,0
DA:579,0
DA:580,0
DA:582,0
DA:589,0
DA:591,0
DA:592,0
DA:595,0
DA:596,0
DA:598,0
DA:608,0
DA:610,0
DA:611,0
DA:618,0
DA:619,0
DA:620,0
DA:621,0
DA:627,0
DA:645,0
DA:659,0
DA:661,0
DA:662,0
DA:665,0
DA:674,0
DA:675,0
DA:679,0
DA:687,0
DA:688,0
DA:692,0
DA:693,0
DA:694,0
DA:695,0
DA:696,0
DA:697,0
DA:705,0
DA:719,0
DA:720,0
DA:722,0
DA:739,0
DA:740,0
DA:743,0
DA:744,0
DA:745,0
DA:746,0
DA:747,0
DA:756,0
DA:761,0
DA:762,0
DA:763,0
DA:764,0
DA:765,0
DA:766,0
DA:767,0
DA:768,0
DA:777,0
DA:783,0
DA:801,0
DA:802,0
DA:804,0
DA:813,0
DA:814,0
DA:815,0
DA:828,0
DA:829,0
DA:830,0
DA:831,0
DA:832,0
DA:833,0
DA:834,0
DA:835,0
DA:836,0
DA:838,0
DA:839,0
DA:840,0
DA:842,0
DA:856,0
DA:857,0
DA:863,0
DA:875,0
DA:877,0
DA:891,0
DA:892,0
DA:893,0
DA:895,0
DA:904,0
DA:905,0
DA:907,0
DA:914,0
DA:915,0
DA:916,0
DA:921,0
DA:924,0
DA:925,0
DA:929,0
DA:930,0
DA:933,0
DA:935,0
DA:941,0
DA:943,0
DA:946,0
DA:947,0
DA:949,0
DA:950,0
DA:954,0
DA:955,0
DA:959,0
DA:974,0
DA:975,0
DA:977,0
DA:978,0
DA:983,0
DA:984,0
DA:985,0
DA:992,0
DA:993,0
DA:995,0
DA:996,0
DA:997,0
DA:999,0
DA:1008,0
DA:1026,0
DA:1030,0
DA:1031,0
DA:1032,0
DA:1033,0
DA:1037,0
DA:1038,0
DA:1043,0
DA:1051,0
DA:1062,0
DA:1063,0
DA:1064,0
DA:1067,0
DA:1068,0
DA:1072,0
DA:1086,0
DA:1087,0
DA:1100,0
DA:1101,0
DA:1103,0
DA:1104,0
DA:1105,0
DA:1108,0
DA:1109,0
DA:1110,0
DA:1111,0
DA:1112,0
DA:1115,0
DA:1116,0
DA:1117,0
DA:1118,0
DA:1121,0
DA:1122,0
DA:1123,0
DA:1125,0
DA:1126,0
DA:1127,0
DA:1128,0
DA:1129,0
DA:1130,0
DA:1131,0
DA:1132,0
DA:1135,0
DA:1138,0
DA:1139,0
DA:1140,0
DA:1141,0
DA:1142,0
DA:1143,0
DA:1145,0
DA:1148,0
DA:1152,0
LF:350
LH:0
BRDA:41,0,0,0
BRDA:41,0,1,0
BRDA:44,1,0,0
BRDA:44,1,1,0
BRDA:46,2,0,0
BRDA:46,2,1,0
BRDA:63,3,0,0
BRDA:63,3,1,0
BRDA:107,4,0,0
BRDA:107,4,1,0
BRDA:110,5,0,0
BRDA:110,5,1,0
BRDA:118,6,0,0
BRDA:118,6,1,0
BRDA:118,7,0,0
BRDA:118,7,1,0
BRDA:122,8,0,0
BRDA:122,8,1,0
BRDA:122,9,0,0
BRDA:122,9,1,0
BRDA:123,10,0,0
BRDA:123,10,1,0
BRDA:130,11,0,0
BRDA:130,11,1,0
BRDA:134,12,0,0
BRDA:134,12,1,0
BRDA:141,13,0,0
BRDA:141,13,1,0
BRDA:158,14,0,0
BRDA:158,14,1,0
BRDA:159,15,0,0
BRDA:159,15,1,0
BRDA:160,16,0,0
BRDA:160,16,1,0
BRDA:162,17,0,0
BRDA:162,17,1,0
BRDA:163,18,0,0
BRDA:163,18,1,0
BRDA:164,19,0,0
BRDA:164,19,1,0
BRDA:166,20,0,0
BRDA:166,20,1,0
BRDA:182,21,0,0
BRDA:182,21,1,0
BRDA:183,22,0,0
BRDA:183,22,1,0
BRDA:190,23,0,0
BRDA:190,23,1,0
BRDA:190,24,0,0
BRDA:190,24,1,0
BRDA:195,25,0,0
BRDA:195,25,1,0
BRDA:204,26,0,0
BRDA:204,26,1,0
BRDA:205,27,0,0
BRDA:205,27,1,0
BRDA:206,28,0,0
BRDA:206,28,1,0
BRDA:218,29,0,0
BRDA:218,29,1,0
BRDA:220,30,0,0
BRDA:220,30,1,0
BRDA:224,31,0,0
BRDA:224,31,1,0
BRDA:231,32,0,0
BRDA:231,32,1,0
BRDA:236,33,0,0
BRDA:236,33,1,0
BRDA:241,34,0,0
BRDA:241,34,1,0
BRDA:246,35,0,0
BRDA:246,35,1,0
BRDA:246,36,0,0
BRDA:246,36,1,0
BRDA:248,37,0,0
BRDA:248,37,1,0
BRDA:251,38,0,0
BRDA:251,38,1,0
BRDA:257,39,0,0
BRDA:257,39,1,0
BRDA:262,40,0,0
BRDA:262,40,1,0
BRDA:267,41,0,0
BRDA:267,41,1,0
BRDA:267,42,0,0
BRDA:267,42,1,0
BRDA:273,43,0,0
BRDA:273,43,1,0
BRDA:274,44,0,0
BRDA:274,44,1,0
BRDA:274,44,2,0
BRDA:274,44,3,0
BRDA:274,44,4,0
BRDA:274,44,5,0
BRDA:296,45,0,0
BRDA:296,45,1,0
BRDA:327,46,0,0
BRDA:329,47,0,0
BRDA:329,47,1,0
BRDA:337,48,0,0
BRDA:337,48,1,0
BRDA:342,49,0,0
BRDA:342,49,1,0
BRDA:342,50,0,0
BRDA:342,50,1,0
BRDA:378,51,0,0
BRDA:378,51,1,0
BRDA:386,52,0,0
BRDA:386,52,1,0
BRDA:388,53,0,0
BRDA:388,53,1,0
BRDA:388,54,0,0
BRDA:388,54,1,0
BRDA:393,55,0,0
BRDA:393,55,1,0
BRDA:396,56,0,0
BRDA:396,56,1,0
BRDA:396,57,0,0
BRDA:396,57,1,0
BRDA:402,58,0,0
BRDA:402,58,1,0
BRDA:402,59,0,0
BRDA:402,59,1,0
BRDA:404,60,0,0
BRDA:404,60,1,0
BRDA:409,61,0,0
BRDA:409,61,1,0
BRDA:417,62,0,0
BRDA:417,62,1,0
BRDA:444,63,0,0
BRDA:444,63,1,0
BRDA:451,64,0,0
BRDA:451,64,1,0
BRDA:451,65,0,0
BRDA:451,65,1,0
BRDA:484,66,0,0
BRDA:484,66,1,0
BRDA:489,67,0,0
BRDA:489,67,1,0
BRDA:491,68,0,0
BRDA:491,68,1,0
BRDA:491,69,0,0
BRDA:491,69,1,0
BRDA:500,70,0,0
BRDA:500,70,1,0
BRDA:530,71,0,0
BRDA:530,71,1,0
BRDA:535,72,0,0
BRDA:535,72,1,0
BRDA:537,73,0,0
BRDA:537,73,1,0
BRDA:537,74,0,0
BRDA:537,74,1,0
BRDA:542,75,0,0
BRDA:542,75,1,0
BRDA:561,76,0,0
BRDA:561,76,1,0
BRDA:574,77,0,0
BRDA:574,77,1,0
BRDA:591,78,0,0
BRDA:591,78,1,0
BRDA:607,79,0,0
BRDA:620,80,0,0
BRDA:620,80,1,0
BRDA:620,81,0,0
BRDA:620,81,1,0
BRDA:644,82,0,0
BRDA:657,83,0,0
BRDA:659,84,0,0
BRDA:659,84,1,0
BRDA:659,85,0,0
BRDA:659,85,1,0
BRDA:695,86,0,0
BRDA:695,86,1,0
BRDA:704,87,0,0
BRDA:717,88,0,0
BRDA:720,89,0,0
BRDA:720,89,1,0
BRDA:737,90,0,0
BRDA:743,91,0,0
BRDA:743,91,1,0
BRDA:743,92,0,0
BRDA:743,92,1,0
BRDA:745,93,0,0
BRDA:745,93,1,0
BRDA:746,94,0,0
BRDA:746,94,1,0
BRDA:756,95,0,0
BRDA:756,95,1,0
BRDA:761,96,0,0
BRDA:761,96,1,0
BRDA:761,97,0,0
BRDA:761,97,1,0
BRDA:763,98,0,0
BRDA:763,98,1,0
BRDA:763,99,0,0
BRDA:763,99,1,0
BRDA:767,100,0,0
BRDA:767,100,1,0
BRDA:770,101,0,0
BRDA:770,101,1,0
BRDA:777,102,0,0
BRDA:777,102,1,0
BRDA:802,103,0,0
BRDA:802,103,1,0
BRDA:814,104,0,0
BRDA:814,104,1,0
BRDA:832,105,0,0
BRDA:832,105,1,0
BRDA:839,106,0,0
BRDA:839,106,1,0
BRDA:840,107,0,0
BRDA:840,107,1,0
BRDA:855,108,0,0
BRDA:866,109,0,0
BRDA:866,109,1,0
BRDA:868,110,0,0
BRDA:868,110,1,0
BRDA:869,111,0,0
BRDA:869,111,1,0
BRDA:874,112,0,0
BRDA:896,113,0,0
BRDA:896,113,1,0
BRDA:903,114,0,0
BRDA:927,115,0,0
BRDA:929,116,0,0
BRDA:929,116,1,0
BRDA:929,117,0,0
BRDA:929,117,1,0
BRDA:941,118,0,0
BRDA:941,118,1,0
BRDA:949,119,0,0
BRDA:949,119,1,0
BRDA:949,120,0,0
BRDA:949,120,1,0
BRDA:965,121,0,0
BRDA:965,121,1,0
BRDA:969,122,0,0
BRDA:969,122,1,0
BRDA:997,123,0,0
BRDA:997,123,1,0
BRDA:1015,124,0,0
BRDA:1015,124,1,0
BRDA:1020,125,0,0
BRDA:1020,125,1,0
BRDA:1029,126,0,0
BRDA:1032,127,0,0
BRDA:1032,127,1,0
BRDA:1037,128,0,0
BRDA:1037,128,1,0
BRDA:1037,129,0,0
BRDA:1037,129,1,0
BRDA:1063,130,0,0
BRDA:1063,130,1,0
BRDA:1067,131,0,0
BRDA:1067,131,1,0
BRDA:1103,132,0,0
BRDA:1103,132,1,0
BRDA:1108,133,0,0
BRDA:1108,133,1,0
BRDA:1109,134,0,0
BRDA:1109,134,1,0
BRDA:1115,135,0,0
BRDA:1115,135,1,0
BRDA:1116,136,0,0
BRDA:1116,136,1,0
BRDA:1121,137,0,0
BRDA:1121,137,1,0
BRDA:1122,138,0,0
BRDA:1122,138,1,0
BRDA:1122,139,0,0
BRDA:1122,139,1,0
BRDA:1129,140,0,0
BRDA:1129,140,1,0
BRDA:1138,141,0,0
BRDA:1138,141,1,0
BRF:276
BRH:0
end_of_record
TN:
SF:src/services/review.service.ts
FN:10,(anonymous_1)
FN:55,(anonymous_2)
FN:79,(anonymous_3)
FN:102,(anonymous_4)
FN:124,(anonymous_5)
FN:138,(anonymous_6)
FN:167,(anonymous_7)
FN:175,(anonymous_8)
FNF:8
FNH:0
FNDA:0,(anonymous_1)
FNDA:0,(anonymous_2)
FNDA:0,(anonymous_3)
FNDA:0,(anonymous_4)
FNDA:0,(anonymous_5)
FNDA:0,(anonymous_6)
FNDA:0,(anonymous_7)
FNDA:0,(anonymous_8)
DA:1,0
DA:2,0
DA:3,0
DA:4,0
DA:17,0
DA:18,0
DA:21,0
DA:22,0
DA:26,0
DA:27,0
DA:31,0
DA:32,0
DA:33,0
DA:36,0
DA:45,0
DA:60,0
DA:61,0
DA:63,0
DA:70,0
DA:84,0
DA:85,0
DA:87,0
DA:93,0
DA:107,0
DA:118,0
DA:123,0
DA:124,0
DA:125,0
DA:128,0
DA:143,0
DA:144,0
DA:146,0
DA:147,0
DA:150,0
DA:151,0
DA:154,0
DA:155,0
DA:156,0
DA:158,0
DA:168,0
DA:169,0
DA:176,0
DA:183,0
LF:43
LH:0
BRDA:18,0,0,0
BRDA:18,0,1,0
BRDA:21,1,0,0
BRDA:21,1,1,0
BRDA:26,2,0,0
BRDA:26,2,1,0
BRDA:32,3,0,0
BRDA:32,3,1,0
BRDA:57,4,0,0
BRDA:58,5,0,0
BRDA:81,6,0,0
BRDA:82,7,0,0
BRDA:129,8,0,0
BRDA:129,8,1,0
BRDA:130,9,0,0
BRDA:130,9,1,0
BRDA:144,10,0,0
BRDA:144,10,1,0
BRDA:146,11,0,0
BRDA:146,11,1,0
BRDA:150,12,0,0
BRDA:150,12,1,0
BRF:22
BRH:0
end_of_record
TN:
SF:src/services/savedItem.service.ts
FN:10,(anonymous_1)
FN:22,(anonymous_2)
FN:31,(anonymous_3)
FN:47,(anonymous_4)
FN:59,(anonymous_5)
FN:72,(anonymous_6)
FN:79,(anonymous_7)
FN:81,(anonymous_8)
FN:85,(anonymous_9)
FN:86,(anonymous_10)
FN:110,(anonymous_11)
FN:113,(anonymous_12)
FN:119,(anonymous_13)
FN:122,(anonymous_14)
FN:128,(anonymous_15)
FN:145,(anonymous_16)
FN:152,(anonymous_17)
FN:154,(anonymous_18)
FN:164,(anonymous_19)
FN:165,(anonymous_20)
FNF:20
FNH:0
FNDA:0,(anonymous_1)
FNDA:0,(anonymous_2)
FNDA:0,(anonymous_3)
FNDA:0,(anonymous_4)
FNDA:0,(anonymous_5)
FNDA:0,(anonymous_6)
FNDA:0,(anonymous_7)
FNDA:0,(anonymous_8)
FNDA:0,(anonymous_9)
FNDA:0,(anonymous_10)
FNDA:0,(anonymous_11)
FNDA:0,(anonymous_12)
FNDA:0,(anonymous_13)
FNDA:0,(anonymous_14)
FNDA:0,(anonymous_15)
FNDA:0,(anonymous_16)
FNDA:0,(anonymous_17)
FNDA:0,(anonymous_18)
FNDA:0,(anonymous_19)
FNDA:0,(anonymous_20)
DA:1,0
DA:2,0
DA:3,0
DA:4,0
DA:14,0
DA:15,0
DA:17,0
DA:18,0
DA:20,0
DA:21,0
DA:22,0
DA:25,0
DA:27,0
DA:28,0
DA:29,0
DA:31,0
DA:39,0
DA:44,0
DA:45,0
DA:47,0
DA:64,0
DA:65,0
DA:67,0
DA:68,0
DA:71,0
DA:72,0
DA:74,0
DA:79,0
DA:80,0
DA:81,0
DA:85,0
DA:86,0
DA:87,0
DA:89,0
DA:96,0
DA:111,0
DA:112,0
DA:113,0
DA:120,0
DA:121,0
DA:122,0
DA:137,0
DA:138,0
DA:140,0
DA:141,0
DA:144,0
DA:145,0
DA:147,0
DA:152,0
DA:153,0
DA:154,0
DA:163,0
DA:164,0
DA:165,0
DA:166,0
DA:169,0
DA:170,0
DA:171,0
DA:174,0
DA:175,0
DA:184,0
DA:191,0
DA:204,0
LF:63
LH:0
BRDA:15,0,0,0
BRDA:15,0,1,0
BRDA:18,1,0,0
BRDA:18,1,1,0
BRDA:25,2,0,0
BRDA:25,2,1,0
BRDA:61,3,0,0
BRDA:62,4,0,0
BRDA:65,5,0,0
BRDA:65,5,1,0
BRDA:112,6,0,0
BRDA:112,6,1,0
BRDA:121,7,0,0
BRDA:121,7,1,0
BRDA:130,8,0,0
BRDA:131,9,0,0
BRDA:138,10,0,0
BRDA:138,10,1,0
BRDA:170,11,0,0
BRDA:170,11,1,0
BRDA:170,12,0,0
BRDA:170,12,1,0
BRDA:174,13,0,0
BRDA:174,13,1,0
BRF:24
BRH:0
end_of_record
TN:
SF:src/services/user.service.ts
FN:10,(anonymous_1)
FN:21,(anonymous_2)
FN:25,(anonymous_3)
FN:54,(anonymous_4)
FN:80,(anonymous_5)
FN:111,(anonymous_6)
FN:114,(anonymous_7)
FN:120,(anonymous_8)
FN:129,(anonymous_9)
FN:159,(anonymous_10)
FNF:10
FNH:0
FNDA:0,(anonymous_1)
FNDA:0,(anonymous_2)
FNDA:0,(anonymous_3)
FNDA:0,(anonymous_4)
FNDA:0,(anonymous_5)
FNDA:0,(anonymous_6)
FNDA:0,(anonymous_7)
FNDA:0,(anonymous_8)
FNDA:0,(anonymous_9)
FNDA:0,(anonymous_10)
DA:1,0
DA:2,0
DA:3,0
DA:4,0
DA:11,0
DA:12,0
DA:15,0
DA:16,0
DA:18,0
DA:19,0
DA:21,0
DA:23,0
DA:25,0
DA:26,0
DA:29,0
DA:30,0
DA:33,0
DA:43,0
DA:45,0
DA:55,0
DA:56,0
DA:59,0
DA:64,0
DA:66,0
DA:81,0
DA:82,0
DA:85,0
DA:87,0
DA:90,0
DA:91,0
DA:94,0
DA:97,0
DA:112,0
DA:113,0
DA:114,0
DA:121,0
DA:122,0
DA:123,0
DA:130,0
DA:131,0
DA:133,0
DA:134,0
DA:135,0
DA:136,0
DA:139,0
DA:145,0
DA:150,0
DA:156,0
DA:157,0
DA:158,0
DA:159,0
DA:163,0
DA:168,0
DA:183,0
LF:54
LH:0
BRDA:11,0,0,0
BRDA:11,0,1,0
BRDA:16,1,0,0
BRDA:16,1,1,0
BRDA:19,2,0,0
BRDA:19,2,1,0
BRDA:23,3,0,0
BRDA:23,3,1,0
BRDA:54,4,0,0
BRDA:54,5,0,0
BRDA:56,6,0,0
BRDA:56,6,1,0
BRDA:80,7,0,0
BRDA:80,8,0,0
BRDA:82,9,0,0
BRDA:82,9,1,0
BRDA:85,10,0,0
BRDA:85,10,1,0
BRDA:113,11,0,0
BRDA:113,11,1,0
BRDA:122,12,0,0
BRDA:122,12,1,0
BRDA:123,13,0,0
BRDA:123,13,1,0
BRDA:131,14,0,0
BRDA:131,14,1,0
BRDA:158,15,0,0
BRDA:158,15,1,0
BRF:28
BRH:0
end_of_record
TN:
SF:src/services/verification.service.ts
FN:30,(anonymous_1)
FN:37,(anonymous_2)
FN:88,(anonymous_3)
FN:141,(anonymous_4)
FN:212,(anonymous_5)
FN:229,(anonymous_6)
FNF:6
FNH:0
FNDA:0,(anonymous_1)
FNDA:0,(anonymous_2)
FNDA:0,(anonymous_3)
FNDA:0,(anonymous_4)
FNDA:0,(anonymous_5)
FNDA:0,(anonymous_6)
DA:1,0
DA:2,0
DA:3,0
DA:4,0
DA:5,0
DA:6,0
DA:7,0
DA:8,0
DA:13,0
DA:24,0
DA:31,0
DA:38,0
DA:39,0
DA:41,0
DA:44,0
DA:49,0
DA:58,0
DA:78,0
DA:89,0
DA:90,0
DA:92,0
DA:95,0
DA:100,0
DA:110,0
DA:111,0
DA:112,0
DA:113,0
DA:114,0
DA:117,0
DA:118,0
DA:133,0
DA:134,0
DA:146,0
DA:154,0
DA:155,0
DA:160,0
DA:161,0
DA:162,0
DA:163,0
DA:168,0
DA:170,0
DA:171,0
DA:172,0
DA:178,0
DA:179,0
DA:182,0
DA:183,0
DA:184,0
DA:186,0
DA:190,0
DA:191,0
DA:192,0
DA:193,0
DA:194,0
DA:196,0
DA:199,0
DA:201,0
DA:202,0
DA:206,0
DA:213,0
DA:214,0
DA:216,0
DA:230,0
DA:231,0
DA:234,0
DA:236,0
DA:237,0
DA:239,0
DA:240,0
DA:244,0
DA:245,0
DA:247,0
DA:248,0
DA:249,0
DA:251,0
DA:253,0
DA:254,0
DA:259,0
LF:78
LH:0
BRDA:13,0,0,0
BRDA:13,0,1,0
BRDA:39,1,0,0
BRDA:39,1,1,0
BRDA:90,2,0,0
BRDA:90,2,1,0
BRDA:111,3,0,0
BRDA:111,3,1,0
BRDA:113,4,0,0
BRDA:113,4,1,0
BRDA:149,5,0,0
BRDA:149,5,1,0
BRDA:154,6,0,0
BRDA:154,6,1,0
BRDA:160,7,0,0
BRDA:160,7,1,0
BRDA:170,8,0,0
BRDA:170,8,1,0
BRDA:183,9,0,0
BRDA:183,9,1,0
BRDA:191,10,0,0
BRDA:191,10,1,0
BRDA:192,11,0,0
BRDA:192,11,1,0
BRDA:193,12,0,0
BRDA:193,12,1,0
BRDA:194,13,0,0
BRDA:194,13,1,0
BRDA:196,14,0,0
BRDA:196,14,1,0
BRDA:196,15,0,0
BRDA:196,15,1,0
BRDA:201,16,0,0
BRDA:201,16,1,0
BRDA:201,17,0,0
BRDA:201,17,1,0
BRDA:214,18,0,0
BRDA:214,18,1,0
BRDA:230,19,0,0
BRDA:230,19,1,0
BRDA:239,20,0,0
BRDA:239,20,1,0
BRDA:245,21,0,0
BRDA:245,21,1,0
BRDA:249,22,0,0
BRDA:249,22,1,0
BRF:46
BRH:0
end_of_record
TN:
SF:src/socket/index.ts
FN:16,(anonymous_1)
FN:20,(anonymous_2)
FN:48,(anonymous_3)
FN:64,(anonymous_4)
FN:82,(anonymous_5)
FN:90,(anonymous_6)
FN:98,(anonymous_7)
FN:122,(anonymous_8)
FN:139,(anonymous_9)
FN:147,(anonymous_10)
FN:157,(anonymous_11)
FN:177,(anonymous_12)
FN:184,(anonymous_13)
FNF:13
FNH:0
FNDA:0,(anonymous_1)
FNDA:0,(anonymous_2)
FNDA:0,(anonymous_3)
FNDA:0,(anonymous_4)
FNDA:0,(anonymous_5)
FNDA:0,(anonymous_6)
FNDA:0,(anonymous_7)
FNDA:0,(anonymous_8)
FNDA:0,(anonymous_9)
FNDA:0,(anonymous_10)
FNDA:0,(anonymous_11)
FNDA:0,(anonymous_12)
FNDA:0,(anonymous_13)
DA:2,0
DA:3,0
DA:4,0
DA:9,0
DA:16,0
DA:20,0
DA:21,0
DA:23,0
DA:26,0
DA:27,0
DA:30,0
DA:31,0
DA:33,0
DA:34,0
DA:37,0
DA:38,0
DA:39,0
DA:41,0
DA:48,0
DA:49,0
DA:50,0
DA:51,0
DA:55,0
DA:57,0
DA:64,0
DA:65,0
DA:66,0
DA:68,0
DA:71,0
DA:72,0
DA:74,0
DA:77,0
DA:82,0
DA:83,0
DA:84,0
DA:90,0
DA:91,0
DA:92,0
DA:98,0
DA:99,0
DA:100,0
DA:102,0
DA:106,0
DA:114,0
DA:115,0
DA:122,0
DA:123,0
DA:124,0
DA:127,0
DA:132,0
DA:139,0
DA:140,0
DA:147,0
DA:148,0
DA:157,0
DA:158,0
DA:161,0
DA:162,0
DA:163,0
DA:164,0
DA:165,0
DA:167,0
DA:177,0
DA:178,0
DA:184,0
DA:185,0
LF:66
LH:0
BRDA:23,0,0,0
BRDA:23,0,1,0
BRDA:26,1,0,0
BRDA:26,1,1,0
BRDA:33,2,0,0
BRDA:33,2,1,0
BRDA:71,3,0,0
BRDA:71,3,1,0
BRDA:102,4,0,0
BRDA:102,4,1,0
BRDA:102,5,0,0
BRDA:102,5,1,0
BRDA:110,6,0,0
BRDA:110,6,1,0
BRDA:143,7,0,0
BRDA:143,7,1,0
BRDA:162,8,0,0
BRDA:162,8,1,0
BRDA:164,9,0,0
BRDA:164,9,1,0
BRDA:178,10,0,0
BRDA:178,10,1,0
BRF:22
BRH:0
end_of_record
TN:
SF:src/utils/ApiError.ts
FN:5,(anonymous_0)
FN:14,(anonymous_1)
FN:18,(anonymous_2)
FN:22,(anonymous_3)
FN:26,(anonymous_4)
FN:30,(anonymous_5)
FN:34,(anonymous_6)
FNF:7
FNH:4
FNDA:11,(anonymous_0)
FNDA:5,(anonymous_1)
FNDA:0,(anonymous_2)
FNDA:3,(anonymous_3)
FNDA:3,(anonymous_4)
FNDA:0,(anonymous_5)
FNDA:0,(anonymous_6)
DA:6,11
DA:7,11
DA:8,11
DA:10,11
DA:11,11
DA:15,5
DA:19,0
DA:23,3
DA:27,3
DA:31,0
DA:35,0
DA:39,3
LF:12
LH:9
BRDA:5,0,0,11
BRDA:18,1,0,0
BRDA:22,2,0,0
BRDA:26,3,0,0
BRDA:34,4,0,0
BRF:5
BRH:1
end_of_record
TN:
SF:src/utils/csvUpload.ts
FN:5,(anonymous_1)
FNF:1
FNH:0
FNDA:0,(anonymous_1)
DA:1,0
DA:3,0
DA:5,0
DA:6,0
DA:8,0
DA:12,0
DA:14,0
DA:18,0
LF:8
LH:0
BRDA:8,0,0,0
BRDA:8,0,1,0
BRDA:9,1,0,0
BRDA:9,1,1,0
BRF:4
BRH:0
end_of_record
TN:
SF:src/utils/imageUpload.ts
FN:10,(anonymous_1)
FN:31,(anonymous_2)
FN:35,(anonymous_3)
FN:42,(anonymous_4)
FN:60,(anonymous_5)
FN:64,(anonymous_6)
FN:73,(anonymous_7)
FN:91,(anonymous_8)
FN:95,(anonymous_9)
FN:101,(anonymous_10)
FN:108,(anonymous_11)
FN:121,(anonymous_12)
FN:137,(anonymous_13)
FN:149,(anonymous_14)
FN:153,(anonymous_15)
FNF:15
FNH:0
FNDA:0,(anonymous_1)
FNDA:0,(anonymous_2)
FNDA:0,(anonymous_3)
FNDA:0,(anonymous_4)
FNDA:0,(anonymous_5)
FNDA:0,(anonymous_6)
FNDA:0,(anonymous_7)
FNDA:0,(anonymous_8)
FNDA:0,(anonymous_9)
FNDA:0,(anonymous_10)
FNDA:0,(anonymous_11)
FNDA:0,(anonymous_12)
FNDA:0,(anonymous_13)
FNDA:0,(anonymous_14)
FNDA:0,(anonymous_15)
DA:1,0
DA:2,0
DA:3,0
DA:4,0
DA:5,0
DA:8,0
DA:10,0
DA:11,0
DA:12,0
DA:13,0
DA:15,0
DA:19,0
DA:31,0
DA:35,0
DA:36,0
DA:43,0
DA:44,0
DA:45,0
DA:46,0
DA:53,0
DA:60,0
DA:64,0
DA:65,0
DA:74,0
DA:75,0
DA:76,0
DA:77,0
DA:84,0
DA:91,0
DA:95,0
DA:96,0
DA:98,0
DA:101,0
DA:102,0
DA:103,0
DA:104,0
DA:105,0
DA:108,0
DA:113,0
DA:114,0
DA:116,0
DA:117,0
DA:118,0
DA:121,0
DA:122,0
DA:123,0
DA:124,0
DA:125,0
DA:126,0
DA:137,0
DA:138,0
DA:139,0
DA:141,0
DA:149,0
DA:152,0
DA:153,0
DA:154,0
DA:155,0
DA:156,0
DA:157,0
DA:158,0
DA:160,0
DA:162,0
DA:164,0
LF:64
LH:0
BRDA:12,0,0,0
BRDA:12,0,1,0
BRDA:33,1,0,0
BRDA:43,2,0,0
BRDA:43,2,1,0
BRDA:44,3,0,0
BRDA:44,3,1,0
BRDA:45,4,0,0
BRDA:45,4,1,0
BRDA:62,5,0,0
BRDA:74,6,0,0
BRDA:74,6,1,0
BRDA:75,7,0,0
BRDA:75,7,1,0
BRDA:76,8,0,0
BRDA:76,8,1,0
BRDA:93,9,0,0
BRDA:102,10,0,0
BRDA:102,10,1,0
BRDA:103,11,0,0
BRDA:103,11,1,0
BRDA:104,12,0,0
BRDA:104,12,1,0
BRDA:111,13,0,0
BRDA:117,14,0,0
BRDA:117,14,1,0
BRDA:122,15,0,0
BRDA:122,15,1,0
BRDA:152,16,0,0
BRDA:152,16,1,0
BRDA:154,17,0,0
BRDA:154,17,1,0
BRDA:157,18,0,0
BRDA:157,18,1,0
BRF:34
BRH:0
end_of_record
TN:
SF:src/utils/jwt.ts
FN:10,(anonymous_1)
FN:16,(anonymous_2)
FN:22,(anonymous_3)
FNF:3
FNH:3
FNDA:2,(anonymous_1)
FNDA:1,(anonymous_2)
FNDA:2,(anonymous_3)
DA:1,1
DA:2,1
DA:10,1
DA:11,2
DA:16,1
DA:17,1
DA:22,1
DA:23,2
LF:8
LH:8
BRF:0
BRH:0
end_of_record
TN:
SF:src/utils/paystack.ts
FN:61,(anonymous_1)
FN:99,(anonymous_2)
FN:111,(anonymous_3)
FN:125,(anonymous_4)
FN:145,(anonymous_5)
FN:154,(anonymous_6)
FN:167,(anonymous_7)
FN:199,(anonymous_8)
FN:230,(anonymous_9)
FN:249,(anonymous_10)
FN:255,(anonymous_11)
FNF:11
FNH:0
FNDA:0,(anonymous_1)
FNDA:0,(anonymous_2)
FNDA:0,(anonymous_3)
FNDA:0,(anonymous_4)
FNDA:0,(anonymous_5)
FNDA:0,(anonymous_6)
FNDA:0,(anonymous_7)
FNDA:0,(anonymous_8)
FNDA:0,(anonymous_9)
FNDA:0,(anonymous_10)
FNDA:0,(anonymous_11)
DA:1,0
DA:2,0
DA:3,0
DA:5,0
DA:7,0
DA:61,0
DA:69,0
DA:87,0
DA:88,0
DA:91,0
DA:92,0
DA:99,0
DA:102,0
DA:103,0
DA:111,0
DA:115,0
DA:119,0
DA:125,0
DA:128,0
DA:132,0
DA:134,0
DA:136,0
DA:138,0
DA:145,0
DA:146,0
DA:147,0
DA:148,0
DA:154,0
DA:155,0
DA:156,0
DA:157,0
DA:167,0
DA:173,0
DA:181,0
DA:182,0
DA:183,0
DA:184,0
DA:186,0
DA:199,0
DA:205,0
DA:214,0
DA:215,0
DA:216,0
DA:217,0
DA:219,0
DA:230,0
DA:233,0
DA:234,0
DA:235,0
DA:236,0
DA:238,0
DA:249,0
DA:250,0
DA:251,0
DA:252,0
DA:253,0
DA:255,0
LF:57
LH:0
BRDA:66,0,0,0
BRDA:87,1,0,0
BRDA:87,1,1,0
BRDA:87,2,0,0
BRDA:87,2,1,0
BRDA:128,3,0,0
BRDA:128,3,1,0
BRDA:128,3,2,0
BRDA:128,3,3,0
BRDA:128,3,4,0
BRDA:128,3,5,0
BRDA:171,4,0,0
BRDA:183,5,0,0
BRDA:183,5,1,0
BRDA:203,6,0,0
BRDA:216,7,0,0
BRDA:216,7,1,0
BRDA:235,8,0,0
BRDA:235,8,1,0
BRDA:252,9,0,0
BRDA:252,9,1,0
BRF:21
BRH:0
end_of_record
TN:
SF:src/utils/seedCategories.ts
FN:63,(anonymous_1)
FNF:1
FNH:0
FNDA:0,(anonymous_1)
DA:1,0
DA:2,0
DA:3,0
DA:6,0
DA:63,0
DA:64,0
DA:65,0
DA:66,0
DA:68,0
DA:69,0
DA:76,0
DA:77,0
DA:78,0
DA:80,0
DA:81,0
DA:82,0
DA:86,0
LF:17
LH:0
BRF:0
BRH:0
end_of_record
TN:
SF:src/utils/seedDemoAdmin.ts
FN:13,(anonymous_1)
FN:58,(anonymous_2)
FNF:2
FNH:0
FNDA:0,(anonymous_1)
FNDA:0,(anonymous_2)
DA:2,0
DA:3,0
DA:4,0
DA:5,0
DA:6,0
DA:8,0
DA:10,0
DA:11,0
DA:13,0
DA:14,0
DA:15,0
DA:16,0
DA:18,0
DA:19,0
DA:20,0
DA:23,0
DA:24,0
DA:25,0
DA:28,0
DA:29,0
DA:30,0
DA:46,0
DA:47,0
DA:49,0
DA:50,0
DA:52,0
DA:58,0
DA:59,0
DA:61,0
DA:65,0
DA:68,0
DA:83,0
DA:84,0
DA:85,0
DA:86,0
DA:87,0
DA:88,0
DA:90,0
DA:92,0
DA:93,0
DA:97,0
LF:41
LH:0
BRDA:18,0,0,0
BRDA:18,0,1,0
BRDA:18,1,0,0
BRDA:18,1,1,0
BRDA:49,2,0,0
BRDA:49,2,1,0
BRDA:59,3,0,0
BRDA:59,3,1,0
BRDA:65,4,0,0
BRDA:65,4,1,0
BRDA:92,5,0,0
BRDA:92,5,1,0
BRF:12
BRH:0
end_of_record
TN:
SF:src/utils/supabaseJwt.ts
FN:14,(anonymous_1)
FNF:1
FNH:0
FNDA:0,(anonymous_1)
DA:2,0
DA:3,0
DA:14,0
DA:15,0
DA:16,0
DA:17,0
DA:20,0
DA:21,0
DA:22,0
DA:24,0
DA:25,0
DA:27,0
DA:28,0
DA:29,0
DA:30,0
DA:35,0
DA:36,0
DA:38,0
DA:42,0
DA:43,0
LF:20
LH:0
BRDA:16,0,0,0
BRDA:16,0,1,0
BRF:2
BRH:0
end_of_record
